[0.520s] DEBUG:colcon:Command line arguments: ['/usr/bin/colcon', 'build']
[0.520s] DEBUG:colcon:Parsed command line arguments: Namespace(log_base=None, log_level=None, verb_name='build', build_base='build', install_base='install', merge_install=False, symlink_install=False, test_result_base=None, continue_on_error=False, executor='parallel', parallel_workers=16, event_handlers=None, ignore_user_meta=False, metas=['./colcon.meta'], base_paths=['.'], packages_ignore=None, packages_ignore_regex=None, paths=None, packages_up_to=None, packages_up_to_regex=None, packages_above=None, packages_above_and_dependencies=None, packages_above_depth=None, packages_select_by_dep=None, packages_skip_by_dep=None, packages_skip_up_to=None, packages_select_build_failed=False, packages_skip_build_finished=False, packages_select_test_failures=False, packages_skip_test_passed=False, packages_select=None, packages_skip=None, packages_select_regex=None, packages_skip_regex=None, packages_start=None, packages_end=None, allow_overriding=[], cmake_args=None, cmake_target=None, cmake_target_skip_unavailable=False, cmake_clean_cache=False, cmake_clean_first=False, cmake_force_configure=False, ament_cmake_args=None, catkin_cmake_args=None, catkin_skip_building_tests=False, verb_parser=<colcon_defaults.argument_parser.defaults.DefaultArgumentsDecorator object at 0x7f6b93ab1a80>, verb_extension=<colcon_core.verb.build.BuildVerb object at 0x7f6b93ab4be0>, main=<bound method BuildVerb.main of <colcon_core.verb.build.BuildVerb object at 0x7f6b93ab4be0>>)
[0.554s] Level 1:colcon.colcon_core.package_discovery:discover_packages(colcon_meta) check parameters
[0.554s] Level 1:colcon.colcon_core.package_discovery:discover_packages(recursive) check parameters
[0.554s] Level 1:colcon.colcon_core.package_discovery:discover_packages(ignore) check parameters
[0.554s] Level 1:colcon.colcon_core.package_discovery:discover_packages(path) check parameters
[0.554s] Level 1:colcon.colcon_core.package_discovery:discover_packages(colcon_meta) discover
[0.554s] Level 1:colcon.colcon_core.package_discovery:discover_packages(recursive) discover
[0.554s] INFO:colcon.colcon_core.package_discovery:Crawling recursively for packages in '/home/asphodel/NSU/Labs/nsu-robotics-labs/lab2/ex09'
[0.554s] Level 1:colcon.colcon_core.package_identification:_identify(.) by extensions ['ignore', 'ignore_ament_install']
[0.554s] Level 1:colcon.colcon_core.package_identification:_identify(.) by extension 'ignore'
[0.554s] Level 1:colcon.colcon_core.package_identification:_identify(.) by extension 'ignore_ament_install'
[0.554s] Level 1:colcon.colcon_core.package_identification:_identify(.) by extensions ['colcon_pkg']
[0.554s] Level 1:colcon.colcon_core.package_identification:_identify(.) by extension 'colcon_pkg'
[0.554s] Level 1:colcon.colcon_core.package_identification:_identify(.) by extensions ['colcon_meta']
[0.554s] Level 1:colcon.colcon_core.package_identification:_identify(.) by extension 'colcon_meta'
[0.554s] Level 1:colcon.colcon_core.package_identification:_identify(.) by extensions ['ros']
[0.554s] Level 1:colcon.colcon_core.package_identification:_identify(.) by extension 'ros'
[0.561s] Level 1:colcon.colcon_core.package_identification:_identify(.) by extensions ['cmake', 'python']
[0.561s] Level 1:colcon.colcon_core.package_identification:_identify(.) by extension 'cmake'
[0.561s] Level 1:colcon.colcon_core.package_identification:_identify(.) by extension 'python'
[0.561s] Level 1:colcon.colcon_core.package_identification:_identify(.) by extensions ['python_setup_py']
[0.561s] Level 1:colcon.colcon_core.package_identification:_identify(.) by extension 'python_setup_py'
[0.561s] Level 1:colcon.colcon_core.package_identification:_identify(build) by extensions ['ignore', 'ignore_ament_install']
[0.561s] Level 1:colcon.colcon_core.package_identification:_identify(build) by extension 'ignore'
[0.561s] Level 1:colcon.colcon_core.package_identification:_identify(build) ignored
[0.561s] Level 1:colcon.colcon_core.package_identification:_identify(install) by extensions ['ignore', 'ignore_ament_install']
[0.561s] Level 1:colcon.colcon_core.package_identification:_identify(install) by extension 'ignore'
[0.561s] Level 1:colcon.colcon_core.package_identification:_identify(install) ignored
[0.561s] Level 1:colcon.colcon_core.package_identification:_identify(log) by extensions ['ignore', 'ignore_ament_install']
[0.561s] Level 1:colcon.colcon_core.package_identification:_identify(log) by extension 'ignore'
[0.561s] Level 1:colcon.colcon_core.package_identification:_identify(log) ignored
[0.561s] Level 1:colcon.colcon_core.package_identification:_identify(src) by extensions ['ignore', 'ignore_ament_install']
[0.561s] Level 1:colcon.colcon_core.package_identification:_identify(src) by extension 'ignore'
[0.561s] Level 1:colcon.colcon_core.package_identification:_identify(src) by extension 'ignore_ament_install'
[0.561s] Level 1:colcon.colcon_core.package_identification:_identify(src) by extensions ['colcon_pkg']
[0.561s] Level 1:colcon.colcon_core.package_identification:_identify(src) by extension 'colcon_pkg'
[0.561s] Level 1:colcon.colcon_core.package_identification:_identify(src) by extensions ['colcon_meta']
[0.561s] Level 1:colcon.colcon_core.package_identification:_identify(src) by extension 'colcon_meta'
[0.561s] Level 1:colcon.colcon_core.package_identification:_identify(src) by extensions ['ros']
[0.561s] Level 1:colcon.colcon_core.package_identification:_identify(src) by extension 'ros'
[0.562s] Level 1:colcon.colcon_core.package_identification:_identify(src) by extensions ['cmake', 'python']
[0.562s] Level 1:colcon.colcon_core.package_identification:_identify(src) by extension 'cmake'
[0.562s] Level 1:colcon.colcon_core.package_identification:_identify(src) by extension 'python'
[0.562s] Level 1:colcon.colcon_core.package_identification:_identify(src) by extensions ['python_setup_py']
[0.562s] Level 1:colcon.colcon_core.package_identification:_identify(src) by extension 'python_setup_py'
[0.562s] Level 1:colcon.colcon_core.package_identification:_identify(src/ex09_package) by extensions ['ignore', 'ignore_ament_install']
[0.562s] Level 1:colcon.colcon_core.package_identification:_identify(src/ex09_package) by extension 'ignore'
[0.562s] Level 1:colcon.colcon_core.package_identification:_identify(src/ex09_package) by extension 'ignore_ament_install'
[0.562s] Level 1:colcon.colcon_core.package_identification:_identify(src/ex09_package) by extensions ['colcon_pkg']
[0.562s] Level 1:colcon.colcon_core.package_identification:_identify(src/ex09_package) by extension 'colcon_pkg'
[0.562s] Level 1:colcon.colcon_core.package_identification:_identify(src/ex09_package) by extensions ['colcon_meta']
[0.562s] Level 1:colcon.colcon_core.package_identification:_identify(src/ex09_package) by extension 'colcon_meta'
[0.562s] Level 1:colcon.colcon_core.package_identification:_identify(src/ex09_package) by extensions ['ros']
[0.562s] Level 1:colcon.colcon_core.package_identification:_identify(src/ex09_package) by extension 'ros'
[0.564s] DEBUG:colcon.colcon_core.package_identification:Package 'src/ex09_package' with type 'ros.ament_cmake' and name 'ex09_package'
[0.564s] Level 1:colcon.colcon_core.package_discovery:discover_packages(recursive) using defaults
[0.564s] Level 1:colcon.colcon_core.package_discovery:discover_packages(ignore) discover
[0.564s] Level 1:colcon.colcon_core.package_discovery:discover_packages(ignore) using defaults
[0.564s] Level 1:colcon.colcon_core.package_discovery:discover_packages(path) discover
[0.564s] Level 1:colcon.colcon_core.package_discovery:discover_packages(path) using defaults
[0.608s] Level 1:colcon.colcon_core.package_discovery:discover_packages(prefix_path) check parameters
[0.608s] Level 1:colcon.colcon_core.package_discovery:discover_packages(prefix_path) discover
[0.623s] DEBUG:colcon.colcon_installed_package_information.package_discovery:Found 284 installed packages in /opt/ros/humble
[0.624s] Level 1:colcon.colcon_core.package_discovery:discover_packages(prefix_path) using defaults
[0.672s] Level 5:colcon.colcon_core.verb:set package 'ex09_package' build argument 'cmake_args' from command line to 'None'
[0.672s] Level 5:colcon.colcon_core.verb:set package 'ex09_package' build argument 'cmake_target' from command line to 'None'
[0.672s] Level 5:colcon.colcon_core.verb:set package 'ex09_package' build argument 'cmake_target_skip_unavailable' from command line to 'False'
[0.672s] Level 5:colcon.colcon_core.verb:set package 'ex09_package' build argument 'cmake_clean_cache' from command line to 'False'
[0.672s] Level 5:colcon.colcon_core.verb:set package 'ex09_package' build argument 'cmake_clean_first' from command line to 'False'
[0.672s] Level 5:colcon.colcon_core.verb:set package 'ex09_package' build argument 'cmake_force_configure' from command line to 'False'
[0.672s] Level 5:colcon.colcon_core.verb:set package 'ex09_package' build argument 'ament_cmake_args' from command line to 'None'
[0.672s] Level 5:colcon.colcon_core.verb:set package 'ex09_package' build argument 'catkin_cmake_args' from command line to 'None'
[0.672s] Level 5:colcon.colcon_core.verb:set package 'ex09_package' build argument 'catkin_skip_building_tests' from command line to 'False'
[0.672s] DEBUG:colcon.colcon_core.verb:Building package 'ex09_package' with the following arguments: {'ament_cmake_args': None, 'build_base': '/home/asphodel/NSU/Labs/nsu-robotics-labs/lab2/ex09/build/ex09_package', 'catkin_cmake_args': None, 'catkin_skip_building_tests': False, 'cmake_args': None, 'cmake_clean_cache': False, 'cmake_clean_first': False, 'cmake_force_configure': False, 'cmake_target': None, 'cmake_target_skip_unavailable': False, 'install_base': '/home/asphodel/NSU/Labs/nsu-robotics-labs/lab2/ex09/install/ex09_package', 'merge_install': False, 'path': '/home/asphodel/NSU/Labs/nsu-robotics-labs/lab2/ex09/src/ex09_package', 'symlink_install': False, 'test_result_base': None}
[0.679s] INFO:colcon.colcon_core.executor:Executing jobs using 'parallel' executor
[0.685s] DEBUG:colcon.colcon_parallel_executor.executor.parallel:run_until_complete
[0.685s] INFO:colcon.colcon_ros.task.ament_cmake.build:Building ROS package in '/home/asphodel/NSU/Labs/nsu-robotics-labs/lab2/ex09/src/ex09_package' with build type 'ament_cmake'
[0.685s] INFO:colcon.colcon_cmake.task.cmake.build:Building CMake package in '/home/asphodel/NSU/Labs/nsu-robotics-labs/lab2/ex09/src/ex09_package'
[0.694s] INFO:colcon.colcon_core.plugin_system:Skipping extension 'colcon_core.shell.bat': Not used on non-Windows systems
[0.694s] INFO:colcon.colcon_core.shell:Skip shell extension 'powershell' for command environment: Not usable outside of PowerShell
[0.695s] DEBUG:colcon.colcon_core.shell:Skip shell extension 'dsv' for command environment
[0.713s] DEBUG:colcon.colcon_core.event_handler.log_command:Invoking command in '/home/asphodel/NSU/Labs/nsu-robotics-labs/lab2/ex09/build/ex09_package': CMAKE_PREFIX_PATH=/opt/ros/humble /usr/bin/cmake /home/asphodel/NSU/Labs/nsu-robotics-labs/lab2/ex09/src/ex09_package -DCMAKE_INSTALL_PREFIX=/home/asphodel/NSU/Labs/nsu-robotics-labs/lab2/ex09/install/ex09_package
[1.167s] DEBUG:colcon.colcon_core.event_handler.log_command:Invoked command in '/home/asphodel/NSU/Labs/nsu-robotics-labs/lab2/ex09/build/ex09_package' returned '0': CMAKE_PREFIX_PATH=/opt/ros/humble /usr/bin/cmake /home/asphodel/NSU/Labs/nsu-robotics-labs/lab2/ex09/src/ex09_package -DCMAKE_INSTALL_PREFIX=/home/asphodel/NSU/Labs/nsu-robotics-labs/lab2/ex09/install/ex09_package
[1.167s] DEBUG:colcon.colcon_core.event_handler.log_command:Invoking command in '/home/asphodel/NSU/Labs/nsu-robotics-labs/lab2/ex09/build/ex09_package': CMAKE_PREFIX_PATH=/opt/ros/humble /usr/bin/cmake --build /home/asphodel/NSU/Labs/nsu-robotics-labs/lab2/ex09/build/ex09_package -- -j16 -l16
[1.189s] DEBUG:colcon.colcon_core.event_handler.log_command:Invoked command in '/home/asphodel/NSU/Labs/nsu-robotics-labs/lab2/ex09/build/ex09_package' returned '0': CMAKE_PREFIX_PATH=/opt/ros/humble /usr/bin/cmake --build /home/asphodel/NSU/Labs/nsu-robotics-labs/lab2/ex09/build/ex09_package -- -j16 -l16
[1.207s] DEBUG:colcon.colcon_core.event_handler.log_command:Invoking command in '/home/asphodel/NSU/Labs/nsu-robotics-labs/lab2/ex09/build/ex09_package': CMAKE_PREFIX_PATH=/opt/ros/humble /usr/bin/cmake --install /home/asphodel/NSU/Labs/nsu-robotics-labs/lab2/ex09/build/ex09_package
[1.213s] Level 1:colcon.colcon_core.environment:create_environment_scripts_only(ex09_package)
[1.213s] DEBUG:colcon.colcon_core.event_handler.log_command:Invoked command in '/home/asphodel/NSU/Labs/nsu-robotics-labs/lab2/ex09/build/ex09_package' returned '0': CMAKE_PREFIX_PATH=/opt/ros/humble /usr/bin/cmake --install /home/asphodel/NSU/Labs/nsu-robotics-labs/lab2/ex09/build/ex09_package
[1.223s] Level 1:colcon.colcon_core.environment:checking '/home/asphodel/NSU/Labs/nsu-robotics-labs/lab2/ex09/install/ex09_package' for CMake module files
[1.223s] Level 1:colcon.colcon_core.environment:checking '/home/asphodel/NSU/Labs/nsu-robotics-labs/lab2/ex09/install/ex09_package' for CMake config files
[1.223s] Level 1:colcon.colcon_core.shell:create_environment_hook('ex09_package', 'cmake_prefix_path')
[1.229s] INFO:colcon.colcon_core.shell:Creating environment hook '/home/asphodel/NSU/Labs/nsu-robotics-labs/lab2/ex09/install/ex09_package/share/ex09_package/hook/cmake_prefix_path.ps1'
[1.230s] INFO:colcon.colcon_core.shell:Creating environment descriptor '/home/asphodel/NSU/Labs/nsu-robotics-labs/lab2/ex09/install/ex09_package/share/ex09_package/hook/cmake_prefix_path.dsv'
[1.230s] INFO:colcon.colcon_core.shell:Creating environment hook '/home/asphodel/NSU/Labs/nsu-robotics-labs/lab2/ex09/install/ex09_package/share/ex09_package/hook/cmake_prefix_path.sh'
[1.230s] Level 1:colcon.colcon_core.environment:checking '/home/asphodel/NSU/Labs/nsu-robotics-labs/lab2/ex09/install/ex09_package/bin'
[1.231s] Level 1:colcon.colcon_core.environment:checking '/home/asphodel/NSU/Labs/nsu-robotics-labs/lab2/ex09/install/ex09_package/lib/pkgconfig/ex09_package.pc'
[1.231s] Level 1:colcon.colcon_core.environment:checking '/home/asphodel/NSU/Labs/nsu-robotics-labs/lab2/ex09/install/ex09_package/lib/python3.10/site-packages'
[1.231s] Level 1:colcon.colcon_core.environment:checking '/home/asphodel/NSU/Labs/nsu-robotics-labs/lab2/ex09/install/ex09_package/bin'
[1.237s] INFO:colcon.colcon_core.shell:Creating package script '/home/asphodel/NSU/Labs/nsu-robotics-labs/lab2/ex09/install/ex09_package/share/ex09_package/package.ps1'
[1.238s] INFO:colcon.colcon_core.shell:Creating package descriptor '/home/asphodel/NSU/Labs/nsu-robotics-labs/lab2/ex09/install/ex09_package/share/ex09_package/package.dsv'
[1.238s] INFO:colcon.colcon_core.shell:Creating package script '/home/asphodel/NSU/Labs/nsu-robotics-labs/lab2/ex09/install/ex09_package/share/ex09_package/package.sh'
[1.238s] INFO:colcon.colcon_core.shell:Creating package script '/home/asphodel/NSU/Labs/nsu-robotics-labs/lab2/ex09/install/ex09_package/share/ex09_package/package.bash'
[1.239s] INFO:colcon.colcon_core.shell:Creating package script '/home/asphodel/NSU/Labs/nsu-robotics-labs/lab2/ex09/install/ex09_package/share/ex09_package/package.zsh'
[1.239s] Level 1:colcon.colcon_core.environment:create_file_with_runtime_dependencies(/home/asphodel/NSU/Labs/nsu-robotics-labs/lab2/ex09/install/ex09_package/share/colcon-core/packages/ex09_package)
[1.258s] Level 1:colcon.colcon_core.environment:create_environment_scripts_only(ex09_package)
[1.264s] Level 1:colcon.colcon_core.environment:checking '/home/asphodel/NSU/Labs/nsu-robotics-labs/lab2/ex09/install/ex09_package' for CMake module files
[1.264s] Level 1:colcon.colcon_core.environment:checking '/home/asphodel/NSU/Labs/nsu-robotics-labs/lab2/ex09/install/ex09_package' for CMake config files
[1.265s] Level 1:colcon.colcon_core.shell:create_environment_hook('ex09_package', 'cmake_prefix_path')
[1.271s] INFO:colcon.colcon_core.shell:Creating environment hook '/home/asphodel/NSU/Labs/nsu-robotics-labs/lab2/ex09/install/ex09_package/share/ex09_package/hook/cmake_prefix_path.ps1'
[1.271s] INFO:colcon.colcon_core.shell:Creating environment descriptor '/home/asphodel/NSU/Labs/nsu-robotics-labs/lab2/ex09/install/ex09_package/share/ex09_package/hook/cmake_prefix_path.dsv'
[1.271s] INFO:colcon.colcon_core.shell:Creating environment hook '/home/asphodel/NSU/Labs/nsu-robotics-labs/lab2/ex09/install/ex09_package/share/ex09_package/hook/cmake_prefix_path.sh'
[1.271s] Level 1:colcon.colcon_core.environment:checking '/home/asphodel/NSU/Labs/nsu-robotics-labs/lab2/ex09/install/ex09_package/bin'
[1.271s] Level 1:colcon.colcon_core.environment:checking '/home/asphodel/NSU/Labs/nsu-robotics-labs/lab2/ex09/install/ex09_package/lib/pkgconfig/ex09_package.pc'
[1.272s] Level 1:colcon.colcon_core.environment:checking '/home/asphodel/NSU/Labs/nsu-robotics-labs/lab2/ex09/install/ex09_package/lib/python3.10/site-packages'
[1.272s] Level 1:colcon.colcon_core.environment:checking '/home/asphodel/NSU/Labs/nsu-robotics-labs/lab2/ex09/install/ex09_package/bin'
[1.278s] INFO:colcon.colcon_core.shell:Creating package script '/home/asphodel/NSU/Labs/nsu-robotics-labs/lab2/ex09/install/ex09_package/share/ex09_package/package.ps1'
[1.278s] INFO:colcon.colcon_core.shell:Creating package descriptor '/home/asphodel/NSU/Labs/nsu-robotics-labs/lab2/ex09/install/ex09_package/share/ex09_package/package.dsv'
[1.279s] INFO:colcon.colcon_core.shell:Creating package script '/home/asphodel/NSU/Labs/nsu-robotics-labs/lab2/ex09/install/ex09_package/share/ex09_package/package.sh'
[1.279s] INFO:colcon.colcon_core.shell:Creating package script '/home/asphodel/NSU/Labs/nsu-robotics-labs/lab2/ex09/install/ex09_package/share/ex09_package/package.bash'
[1.279s] INFO:colcon.colcon_core.shell:Creating package script '/home/asphodel/NSU/Labs/nsu-robotics-labs/lab2/ex09/install/ex09_package/share/ex09_package/package.zsh'
[1.279s] Level 1:colcon.colcon_core.environment:create_file_with_runtime_dependencies(/home/asphodel/NSU/Labs/nsu-robotics-labs/lab2/ex09/install/ex09_package/share/colcon-core/packages/ex09_package)
[1.279s] DEBUG:colcon.colcon_parallel_executor.executor.parallel:closing loop
[1.280s] DEBUG:colcon.colcon_parallel_executor.executor.parallel:loop closed
[1.280s] DEBUG:colcon.colcon_parallel_executor.executor.parallel:run_until_complete finished with '0'
[1.280s] DEBUG:colcon.colcon_core.event_reactor:joining thread
[1.292s] INFO:colcon.colcon_core.plugin_system:Skipping extension 'colcon_notification.desktop_notification.terminal_notifier': Not used on non-Darwin systems
[1.292s] INFO:colcon.colcon_core.plugin_system:Skipping extension 'colcon_notification.desktop_notification.win32': Not used on non-Windows systems
[1.292s] INFO:colcon.colcon_notification.desktop_notification:Sending desktop notification using 'notify2'
[1.305s] DEBUG:colcon.colcon_core.event_reactor:joined thread
[1.312s] INFO:colcon.colcon_core.shell:Creating prefix script '/home/asphodel/NSU/Labs/nsu-robotics-labs/lab2/ex09/install/local_setup.ps1'
[1.313s] INFO:colcon.colcon_core.shell:Creating prefix util module '/home/asphodel/NSU/Labs/nsu-robotics-labs/lab2/ex09/install/_local_setup_util_ps1.py'
[1.313s] INFO:colcon.colcon_core.shell:Creating prefix chain script '/home/asphodel/NSU/Labs/nsu-robotics-labs/lab2/ex09/install/setup.ps1'
[1.320s] INFO:colcon.colcon_core.shell:Creating prefix script '/home/asphodel/NSU/Labs/nsu-robotics-labs/lab2/ex09/install/local_setup.sh'
[1.321s] INFO:colcon.colcon_core.shell:Creating prefix util module '/home/asphodel/NSU/Labs/nsu-robotics-labs/lab2/ex09/install/_local_setup_util_sh.py'
[1.321s] INFO:colcon.colcon_core.shell:Creating prefix chain script '/home/asphodel/NSU/Labs/nsu-robotics-labs/lab2/ex09/install/setup.sh'
[1.328s] INFO:colcon.colcon_core.shell:Creating prefix script '/home/asphodel/NSU/Labs/nsu-robotics-labs/lab2/ex09/install/local_setup.bash'
[1.328s] INFO:colcon.colcon_core.shell:Creating prefix chain script '/home/asphodel/NSU/Labs/nsu-robotics-labs/lab2/ex09/install/setup.bash'
[1.335s] INFO:colcon.colcon_core.shell:Creating prefix script '/home/asphodel/NSU/Labs/nsu-robotics-labs/lab2/ex09/install/local_setup.zsh'
[1.335s] INFO:colcon.colcon_core.shell:Creating prefix chain script '/home/asphodel/NSU/Labs/nsu-robotics-labs/lab2/ex09/install/setup.zsh'
