-- Found ament_cmake: 1.3.5 (/opt/ros/humble/share/ament_cmake/cmake)
-- Found rclcpp: 16.0.5 (/opt/ros/humble/share/rclcpp/cmake)
-- Found rosidl_generator_c: 3.1.5 (/opt/ros/humble/share/rosidl_generator_c/cmake)
-- Found rosidl_adapter: 3.1.5 (/opt/ros/humble/share/rosidl_adapter/cmake)
-- Found rosidl_generator_cpp: 3.1.5 (/opt/ros/humble/share/rosidl_generator_cpp/cmake)
-- Using all available rosidl_typesupport_c: rosidl_typesupport_fastrtps_c;rosidl_typesupport_introspection_c
-- Using all available rosidl_typesupport_cpp: rosidl_typesupport_fastrtps_cpp;rosidl_typesupport_introspection_cpp
-- Found rmw_implementation_cmake: 6.1.1 (/opt/ros/humble/share/rmw_implementation_cmake/cmake)
-- Found rmw_fastrtps_cpp: 6.2.3 (/opt/ros/humble/share/rmw_fastrtps_cpp/cmake)
-- Using RMW implementation 'rmw_fastrtps_cpp' as default
-- Found geometry_msgs: 4.2.3 (/opt/ros/humble/share/geometry_msgs/cmake)
-- Configuring done
-- Generating done
-- Build files have been written to: /home/asphodel/NSU/Labs/nsu-robotics-labs/lab2/ex10/build/ex10
[ 50%] [32mBuilding CXX object CMakeFiles/ex10.dir/src/publisher.cpp.o[0m
[100%] [32m[1mLinking CXX executable ex10[0m
[100%] Built target ex10
-- Install configuration: ""
-- Installing: /home/asphodel/NSU/Labs/nsu-robotics-labs/lab2/ex10/install/ex10/lib/ex10/ex10
-- Set runtime path of "/home/asphodel/NSU/Labs/nsu-robotics-labs/lab2/ex10/install/ex10/lib/ex10/ex10" to ""
-- Installing: /home/asphodel/NSU/Labs/nsu-robotics-labs/lab2/ex10/install/ex10/share/ament_index/resource_index/package_run_dependencies/ex10
-- Up-to-date: /home/asphodel/NSU/Labs/nsu-robotics-labs/lab2/ex10/install/ex10/share/ament_index/resource_index/parent_prefix_path/ex10
-- Up-to-date: /home/asphodel/NSU/Labs/nsu-robotics-labs/lab2/ex10/install/ex10/share/ex10/environment/ament_prefix_path.sh
-- Installing: /home/asphodel/NSU/Labs/nsu-robotics-labs/lab2/ex10/install/ex10/share/ex10/environment/ament_prefix_path.dsv
-- Up-to-date: /home/asphodel/NSU/Labs/nsu-robotics-labs/lab2/ex10/install/ex10/share/ex10/environment/path.sh
-- Installing: /home/asphodel/NSU/Labs/nsu-robotics-labs/lab2/ex10/install/ex10/share/ex10/environment/path.dsv
-- Up-to-date: /home/asphodel/NSU/Labs/nsu-robotics-labs/lab2/ex10/install/ex10/share/ex10/local_setup.bash
-- Up-to-date: /home/asphodel/NSU/Labs/nsu-robotics-labs/lab2/ex10/install/ex10/share/ex10/local_setup.sh
-- Up-to-date: /home/asphodel/NSU/Labs/nsu-robotics-labs/lab2/ex10/install/ex10/share/ex10/local_setup.zsh
-- Installing: /home/asphodel/NSU/Labs/nsu-robotics-labs/lab2/ex10/install/ex10/share/ex10/local_setup.dsv
-- Installing: /home/asphodel/NSU/Labs/nsu-robotics-labs/lab2/ex10/install/ex10/share/ex10/package.dsv
-- Up-to-date: /home/asphodel/NSU/Labs/nsu-robotics-labs/lab2/ex10/install/ex10/share/ament_index/resource_index/packages/ex10
-- Up-to-date: /home/asphodel/NSU/Labs/nsu-robotics-labs/lab2/ex10/install/ex10/share/ex10/cmake/ex10Config.cmake
-- Up-to-date: /home/asphodel/NSU/Labs/nsu-robotics-labs/lab2/ex10/install/ex10/share/ex10/cmake/ex10Config-version.cmake
-- Installing: /home/asphodel/NSU/Labs/nsu-robotics-labs/lab2/ex10/install/ex10/share/ex10/package.xml
