[0.008s] Invoking command in '/home/asphodel/NSU/Labs/nsu-robotics-labs/lab2/ex10/build/ex10': CMAKE_PREFIX_PATH=/opt/ros/humble /usr/bin/cmake --build /home/asphodel/NSU/Labs/nsu-robotics-labs/lab2/ex10/build/ex10 -- -j16 -l16
[0.021s] -- Found ament_cmake: 1.3.5 (/opt/ros/humble/share/ament_cmake/cmake)
[0.099s] -- Found rclcpp: 16.0.5 (/opt/ros/humble/share/rclcpp/cmake)
[0.115s] -- Found rosidl_generator_c: 3.1.5 (/opt/ros/humble/share/rosidl_generator_c/cmake)
[0.116s] -- Found rosidl_adapter: 3.1.5 (/opt/ros/humble/share/rosidl_adapter/cmake)
[0.120s] -- Found rosidl_generator_cpp: 3.1.5 (/opt/ros/humble/share/rosidl_generator_cpp/cmake)
[0.126s] -- Using all available rosidl_typesupport_c: rosidl_typesupport_fastrtps_c;rosidl_typesupport_introspection_c
[0.134s] -- Using all available rosidl_typesupport_cpp: rosidl_typesupport_fastrtps_cpp;rosidl_typesupport_introspection_cpp
[0.166s] -- Found rmw_implementation_cmake: 6.1.1 (/opt/ros/humble/share/rmw_implementation_cmake/cmake)
[0.167s] -- Found rmw_fastrtps_cpp: 6.2.3 (/opt/ros/humble/share/rmw_fastrtps_cpp/cmake)
[0.229s] -- Using RMW implementation 'rmw_fastrtps_cpp' as default
[0.316s] -- Found geometry_msgs: 4.2.3 (/opt/ros/humble/share/geometry_msgs/cmake)
[0.375s] -- Configuring done
[0.380s] -- Generating done
[0.381s] -- Build files have been written to: /home/asphodel/NSU/Labs/nsu-robotics-labs/lab2/ex10/build/ex10
[0.401s] [ 50%] [32mBuilding CXX object CMakeFiles/ex10.dir/src/publisher.cpp.o[0m
[4.805s] [100%] [32m[1mLinking CXX executable ex10[0m
[5.020s] [100%] Built target ex10
[5.031s] Invoked command in '/home/asphodel/NSU/Labs/nsu-robotics-labs/lab2/ex10/build/ex10' returned '0': CMAKE_PREFIX_PATH=/opt/ros/humble /usr/bin/cmake --build /home/asphodel/NSU/Labs/nsu-robotics-labs/lab2/ex10/build/ex10 -- -j16 -l16
[5.048s] Invoking command in '/home/asphodel/NSU/Labs/nsu-robotics-labs/lab2/ex10/build/ex10': CMAKE_PREFIX_PATH=/opt/ros/humble /usr/bin/cmake --install /home/asphodel/NSU/Labs/nsu-robotics-labs/lab2/ex10/build/ex10
[5.053s] -- Install configuration: ""
[5.053s] -- Installing: /home/asphodel/NSU/Labs/nsu-robotics-labs/lab2/ex10/install/ex10/lib/ex10/ex10
[5.055s] -- Set runtime path of "/home/asphodel/NSU/Labs/nsu-robotics-labs/lab2/ex10/install/ex10/lib/ex10/ex10" to ""
[5.055s] -- Installing: /home/asphodel/NSU/Labs/nsu-robotics-labs/lab2/ex10/install/ex10/share/ament_index/resource_index/package_run_dependencies/ex10
[5.055s] -- Up-to-date: /home/asphodel/NSU/Labs/nsu-robotics-labs/lab2/ex10/install/ex10/share/ament_index/resource_index/parent_prefix_path/ex10
[5.055s] -- Up-to-date: /home/asphodel/NSU/Labs/nsu-robotics-labs/lab2/ex10/install/ex10/share/ex10/environment/ament_prefix_path.sh
[5.055s] -- Installing: /home/asphodel/NSU/Labs/nsu-robotics-labs/lab2/ex10/install/ex10/share/ex10/environment/ament_prefix_path.dsv
[5.055s] -- Up-to-date: /home/asphodel/NSU/Labs/nsu-robotics-labs/lab2/ex10/install/ex10/share/ex10/environment/path.sh
[5.055s] -- Installing: /home/asphodel/NSU/Labs/nsu-robotics-labs/lab2/ex10/install/ex10/share/ex10/environment/path.dsv
[5.055s] -- Up-to-date: /home/asphodel/NSU/Labs/nsu-robotics-labs/lab2/ex10/install/ex10/share/ex10/local_setup.bash
[5.055s] -- Up-to-date: /home/asphodel/NSU/Labs/nsu-robotics-labs/lab2/ex10/install/ex10/share/ex10/local_setup.sh
[5.055s] -- Up-to-date: /home/asphodel/NSU/Labs/nsu-robotics-labs/lab2/ex10/install/ex10/share/ex10/local_setup.zsh
[5.055s] -- Installing: /home/asphodel/NSU/Labs/nsu-robotics-labs/lab2/ex10/install/ex10/share/ex10/local_setup.dsv
[5.055s] -- Installing: /home/asphodel/NSU/Labs/nsu-robotics-labs/lab2/ex10/install/ex10/share/ex10/package.dsv
[5.055s] -- Up-to-date: /home/asphodel/NSU/Labs/nsu-robotics-labs/lab2/ex10/install/ex10/share/ament_index/resource_index/packages/ex10
[5.055s] -- Up-to-date: /home/asphodel/NSU/Labs/nsu-robotics-labs/lab2/ex10/install/ex10/share/ex10/cmake/ex10Config.cmake
[5.055s] -- Up-to-date: /home/asphodel/NSU/Labs/nsu-robotics-labs/lab2/ex10/install/ex10/share/ex10/cmake/ex10Config-version.cmake
[5.055s] -- Installing: /home/asphodel/NSU/Labs/nsu-robotics-labs/lab2/ex10/install/ex10/share/ex10/package.xml
[5.057s] Invoked command in '/home/asphodel/NSU/Labs/nsu-robotics-labs/lab2/ex10/build/ex10' returned '0': CMAKE_PREFIX_PATH=/opt/ros/humble /usr/bin/cmake --install /home/asphodel/NSU/Labs/nsu-robotics-labs/lab2/ex10/build/ex10
