-- Found rosidl_default_generators: 1.2.0 (/opt/ros/humble/share/rosidl_default_generators/cmake)
-- Found ament_cmake_core: 1.3.5 (/opt/ros/humble/share/ament_cmake_core/cmake)
-- Using all available rosidl_typesupport_c: rosidl_typesupport_fastrtps_c;rosidl_typesupport_introspection_c
-- Found rosidl_adapter: 3.1.5 (/opt/ros/humble/share/rosidl_adapter/cmake)
-- Using all available rosidl_typesupport_cpp: rosidl_typesupport_fastrtps_cpp;rosidl_typesupport_introspection_cpp
-- Found ament_cmake_ros: 0.10.0 (/opt/ros/humble/share/ament_cmake_ros/cmake)
-- Using all available rosidl_typesupport_c: rosidl_typesupport_fastrtps_c;rosidl_typesupport_introspection_c
-- Using all available rosidl_typesupport_cpp: rosidl_typesupport_fastrtps_cpp;rosidl_typesupport_introspection_cpp
-- Found PythonInterp: /usr/bin/python3 (found suitable version "3.10.12", minimum required is "3.6") 
-- Found python_cmake_module: 0.10.0 (/opt/ros/humble/share/python_cmake_module/cmake)
-- Found PythonLibs: /usr/lib/x86_64-linux-gnu/libpython3.10.so (found suitable version "3.10.12", minimum required is "3.5") 
-- Using PYTHON_EXECUTABLE: /usr/bin/python3
-- Using PYTHON_INCLUDE_DIRS: /usr/include/python3.10
-- Using PYTHON_LIBRARIES: /usr/lib/x86_64-linux-gnu/libpython3.10.so
-- Found PythonExtra: .so  
-- Found ament_lint_auto: 0.12.8 (/opt/ros/humble/share/ament_lint_auto/cmake)
-- Added test 'lint_cmake' to check CMake code style
-- Added test 'xmllint' to check XML markup files
-- Configuring done
-- Generating done
-- Build files have been written to: /home/asphodel/NSU/Labs/nsu-robotics-labs/lab2/ex09/build/ex09_package
[  2%] [34m[1mGenerating C code for ROS interfaces[0m
[  5%] [34m[1mGenerating C++ code for ROS interfaces[0m
[  5%] Built target ament_cmake_python_copy_ex09_package
running egg_info
creating ex09_package.egg-info
writing ex09_package.egg-info/PKG-INFO
writing dependency_links to ex09_package.egg-info/dependency_links.txt
writing top-level names to ex09_package.egg-info/top_level.txt
writing manifest file 'ex09_package.egg-info/SOURCES.txt'
reading manifest file 'ex09_package.egg-info/SOURCES.txt'
writing manifest file 'ex09_package.egg-info/SOURCES.txt'
[  5%] Built target ament_cmake_python_build_ex09_package_egg
[ 10%] [32mBuilding C object CMakeFiles/ex09_package__rosidl_generator_c.dir/rosidl_generator_c/ex09_package/msg/detail/full_name_message__functions.c.o[0m
[ 10%] Built target ex09_package__cpp
[ 10%] [32mBuilding C object CMakeFiles/ex09_package__rosidl_generator_c.dir/rosidl_generator_c/ex09_package/srv/detail/full_name_sum_service__functions.c.o[0m
[ 15%] [34m[1mGenerating C++ type support for eProsima Fast-RTPS[0m
[ 15%] [34m[1mGenerating C++ type support dispatch for ROS interfaces[0m
[ 17%] [34m[1mGenerating C++ introspection for ROS interfaces[0m
[ 20%] [32m[1mLinking C shared library libex09_package__rosidl_generator_c.so[0m
[ 20%] Built target ex09_package__rosidl_generator_c
[ 23%] [34m[1mGenerating C type support for eProsima Fast-RTPS[0m
[ 28%] [34m[1mGenerating C introspection for ROS interfaces[0m
[ 28%] [34m[1mGenerating C type support dispatch for ROS interfaces[0m
[ 33%] [32mBuilding CXX object CMakeFiles/ex09_package__rosidl_typesupport_cpp.dir/rosidl_typesupport_cpp/ex09_package/srv/full_name_sum_service__type_support.cpp.o[0m
[ 33%] [32mBuilding CXX object CMakeFiles/ex09_package__rosidl_typesupport_cpp.dir/rosidl_typesupport_cpp/ex09_package/msg/full_name_message__type_support.cpp.o[0m
[ 35%] [32mBuilding CXX object CMakeFiles/ex09_package__rosidl_typesupport_introspection_cpp.dir/rosidl_typesupport_introspection_cpp/ex09_package/srv/detail/full_name_sum_service__type_support.cpp.o[0m
[ 38%] [32mBuilding CXX object CMakeFiles/ex09_package__rosidl_typesupport_introspection_cpp.dir/rosidl_typesupport_introspection_cpp/ex09_package/msg/detail/full_name_message__type_support.cpp.o[0m
[ 43%] [32mBuilding CXX object CMakeFiles/ex09_package__rosidl_typesupport_fastrtps_cpp.dir/rosidl_typesupport_fastrtps_cpp/ex09_package/srv/detail/dds_fastrtps/full_name_sum_service__type_support.cpp.o[0m
[ 43%] [32mBuilding CXX object CMakeFiles/ex09_package__rosidl_typesupport_fastrtps_cpp.dir/rosidl_typesupport_fastrtps_cpp/ex09_package/msg/detail/dds_fastrtps/full_name_message__type_support.cpp.o[0m
[ 48%] [32mBuilding CXX object CMakeFiles/ex09_package__rosidl_typesupport_fastrtps_c.dir/rosidl_typesupport_fastrtps_c/ex09_package/srv/detail/full_name_sum_service__type_support_c.cpp.o[0m
[ 48%] [32mBuilding CXX object CMakeFiles/ex09_package__rosidl_typesupport_fastrtps_c.dir/rosidl_typesupport_fastrtps_c/ex09_package/msg/detail/full_name_message__type_support_c.cpp.o[0m
[ 51%] [32mBuilding CXX object CMakeFiles/ex09_package__rosidl_typesupport_c.dir/rosidl_typesupport_c/ex09_package/srv/full_name_sum_service__type_support.cpp.o[0m
[ 53%] [32mBuilding CXX object CMakeFiles/ex09_package__rosidl_typesupport_c.dir/rosidl_typesupport_c/ex09_package/msg/full_name_message__type_support.cpp.o[0m
[ 56%] [32m[1mLinking CXX shared library libex09_package__rosidl_typesupport_c.so[0m
[ 56%] Built target ex09_package__rosidl_typesupport_c
[ 58%] [32mBuilding C object CMakeFiles/ex09_package__rosidl_typesupport_introspection_c.dir/rosidl_typesupport_introspection_c/ex09_package/msg/detail/full_name_message__type_support.c.o[0m
[ 61%] [32mBuilding C object CMakeFiles/ex09_package__rosidl_typesupport_introspection_c.dir/rosidl_typesupport_introspection_c/ex09_package/srv/detail/full_name_sum_service__type_support.c.o[0m
[ 64%] [32m[1mLinking C shared library libex09_package__rosidl_typesupport_introspection_c.so[0m
[ 64%] Built target ex09_package__rosidl_typesupport_introspection_c
[ 66%] [32m[1mLinking CXX shared library libex09_package__rosidl_typesupport_cpp.so[0m
[ 66%] Built target ex09_package__rosidl_typesupport_cpp
[ 69%] [32m[1mLinking CXX shared library libex09_package__rosidl_typesupport_fastrtps_c.so[0m
[ 71%] [32m[1mLinking CXX shared library libex09_package__rosidl_typesupport_introspection_cpp.so[0m
[ 71%] Built target ex09_package__rosidl_typesupport_fastrtps_c
[ 74%] [32m[1mLinking CXX shared library libex09_package__rosidl_typesupport_fastrtps_cpp.so[0m
[ 74%] Built target ex09_package__rosidl_typesupport_introspection_cpp
[ 74%] Built target ex09_package__rosidl_typesupport_fastrtps_cpp
[ 74%] Built target ex09_package
[ 76%] [34m[1mGenerating Python code for ROS interfaces[0m
[ 76%] Built target ex09_package__py
[ 79%] [32mBuilding C object CMakeFiles/ex09_package__rosidl_generator_py.dir/rosidl_generator_py/ex09_package/srv/_full_name_sum_service_s.c.o[0m
[ 82%] [32mBuilding C object CMakeFiles/ex09_package__rosidl_generator_py.dir/rosidl_generator_py/ex09_package/msg/_full_name_message_s.c.o[0m
[ 84%] [32m[1mLinking C shared library rosidl_generator_py/ex09_package/libex09_package__rosidl_generator_py.so[0m
[ 84%] Built target ex09_package__rosidl_generator_py
[ 92%] [32mBuilding C object CMakeFiles/ex09_package__rosidl_typesupport_fastrtps_c__pyext.dir/rosidl_generator_py/ex09_package/_ex09_package_s.ep.rosidl_typesupport_fastrtps_c.c.o[0m
[ 92%] [32mBuilding C object CMakeFiles/ex09_package__rosidl_typesupport_c__pyext.dir/rosidl_generator_py/ex09_package/_ex09_package_s.ep.rosidl_typesupport_c.c.o[0m
[ 92%] [32mBuilding C object CMakeFiles/ex09_package__rosidl_typesupport_introspection_c__pyext.dir/rosidl_generator_py/ex09_package/_ex09_package_s.ep.rosidl_typesupport_introspection_c.c.o[0m
[ 97%] [32m[1mLinking C shared library rosidl_generator_py/ex09_package/ex09_package_s__rosidl_typesupport_c.cpython-310-x86_64-linux-gnu.so[0m
[ 97%] [32m[1mLinking C shared library rosidl_generator_py/ex09_package/ex09_package_s__rosidl_typesupport_introspection_c.cpython-310-x86_64-linux-gnu.so[0m
[100%] [32m[1mLinking C shared library rosidl_generator_py/ex09_package/ex09_package_s__rosidl_typesupport_fastrtps_c.cpython-310-x86_64-linux-gnu.so[0m
[100%] Built target ex09_package__rosidl_typesupport_c__pyext
[100%] Built target ex09_package__rosidl_typesupport_introspection_c__pyext
[100%] Built target ex09_package__rosidl_typesupport_fastrtps_c__pyext
-- Install configuration: ""
-- Installing: /home/asphodel/NSU/Labs/nsu-robotics-labs/lab2/ex09/install/ex09_package/share/ament_index/resource_index/rosidl_interfaces/ex09_package
-- Installing: /home/asphodel/NSU/Labs/nsu-robotics-labs/lab2/ex09/install/ex09_package/include/ex09_package/ex09_package
-- Installing: /home/asphodel/NSU/Labs/nsu-robotics-labs/lab2/ex09/install/ex09_package/include/ex09_package/ex09_package/srv
-- Installing: /home/asphodel/NSU/Labs/nsu-robotics-labs/lab2/ex09/install/ex09_package/include/ex09_package/ex09_package/srv/detail
-- Installing: /home/asphodel/NSU/Labs/nsu-robotics-labs/lab2/ex09/install/ex09_package/include/ex09_package/ex09_package/srv/detail/full_name_sum_service__type_support.h
-- Installing: /home/asphodel/NSU/Labs/nsu-robotics-labs/lab2/ex09/install/ex09_package/include/ex09_package/ex09_package/srv/detail/full_name_sum_service__struct.h
-- Installing: /home/asphodel/NSU/Labs/nsu-robotics-labs/lab2/ex09/install/ex09_package/include/ex09_package/ex09_package/srv/detail/full_name_sum_service__functions.c
-- Installing: /home/asphodel/NSU/Labs/nsu-robotics-labs/lab2/ex09/install/ex09_package/include/ex09_package/ex09_package/srv/detail/full_name_sum_service__functions.h
-- Installing: /home/asphodel/NSU/Labs/nsu-robotics-labs/lab2/ex09/install/ex09_package/include/ex09_package/ex09_package/srv/full_name_sum_service.h
-- Installing: /home/asphodel/NSU/Labs/nsu-robotics-labs/lab2/ex09/install/ex09_package/include/ex09_package/ex09_package/msg
-- Installing: /home/asphodel/NSU/Labs/nsu-robotics-labs/lab2/ex09/install/ex09_package/include/ex09_package/ex09_package/msg/full_name_message.h
-- Installing: /home/asphodel/NSU/Labs/nsu-robotics-labs/lab2/ex09/install/ex09_package/include/ex09_package/ex09_package/msg/rosidl_generator_c__visibility_control.h
-- Installing: /home/asphodel/NSU/Labs/nsu-robotics-labs/lab2/ex09/install/ex09_package/include/ex09_package/ex09_package/msg/detail
-- Installing: /home/asphodel/NSU/Labs/nsu-robotics-labs/lab2/ex09/install/ex09_package/include/ex09_package/ex09_package/msg/detail/full_name_message__type_support.h
-- Installing: /home/asphodel/NSU/Labs/nsu-robotics-labs/lab2/ex09/install/ex09_package/include/ex09_package/ex09_package/msg/detail/full_name_message__functions.c
-- Installing: /home/asphodel/NSU/Labs/nsu-robotics-labs/lab2/ex09/install/ex09_package/include/ex09_package/ex09_package/msg/detail/full_name_message__functions.h
-- Installing: /home/asphodel/NSU/Labs/nsu-robotics-labs/lab2/ex09/install/ex09_package/include/ex09_package/ex09_package/msg/detail/full_name_message__struct.h
-- Installing: /home/asphodel/NSU/Labs/nsu-robotics-labs/lab2/ex09/install/ex09_package/share/ex09_package/environment/library_path.sh
-- Installing: /home/asphodel/NSU/Labs/nsu-robotics-labs/lab2/ex09/install/ex09_package/share/ex09_package/environment/library_path.dsv
-- Installing: /home/asphodel/NSU/Labs/nsu-robotics-labs/lab2/ex09/install/ex09_package/lib/libex09_package__rosidl_generator_c.so
-- Set runtime path of "/home/asphodel/NSU/Labs/nsu-robotics-labs/lab2/ex09/install/ex09_package/lib/libex09_package__rosidl_generator_c.so" to ""
-- Up-to-date: /home/asphodel/NSU/Labs/nsu-robotics-labs/lab2/ex09/install/ex09_package/include/ex09_package/ex09_package
-- Up-to-date: /home/asphodel/NSU/Labs/nsu-robotics-labs/lab2/ex09/install/ex09_package/include/ex09_package/ex09_package/srv
-- Up-to-date: /home/asphodel/NSU/Labs/nsu-robotics-labs/lab2/ex09/install/ex09_package/include/ex09_package/ex09_package/srv/detail
-- Installing: /home/asphodel/NSU/Labs/nsu-robotics-labs/lab2/ex09/install/ex09_package/include/ex09_package/ex09_package/srv/detail/full_name_sum_service__rosidl_typesupport_fastrtps_c.h
-- Up-to-date: /home/asphodel/NSU/Labs/nsu-robotics-labs/lab2/ex09/install/ex09_package/include/ex09_package/ex09_package/msg
-- Up-to-date: /home/asphodel/NSU/Labs/nsu-robotics-labs/lab2/ex09/install/ex09_package/include/ex09_package/ex09_package/msg/detail
-- Installing: /home/asphodel/NSU/Labs/nsu-robotics-labs/lab2/ex09/install/ex09_package/include/ex09_package/ex09_package/msg/detail/full_name_message__rosidl_typesupport_fastrtps_c.h
-- Installing: /home/asphodel/NSU/Labs/nsu-robotics-labs/lab2/ex09/install/ex09_package/include/ex09_package/ex09_package/msg/rosidl_typesupport_fastrtps_c__visibility_control.h
-- Installing: /home/asphodel/NSU/Labs/nsu-robotics-labs/lab2/ex09/install/ex09_package/lib/libex09_package__rosidl_typesupport_fastrtps_c.so
-- Set runtime path of "/home/asphodel/NSU/Labs/nsu-robotics-labs/lab2/ex09/install/ex09_package/lib/libex09_package__rosidl_typesupport_fastrtps_c.so" to ""
-- Up-to-date: /home/asphodel/NSU/Labs/nsu-robotics-labs/lab2/ex09/install/ex09_package/include/ex09_package/ex09_package
-- Up-to-date: /home/asphodel/NSU/Labs/nsu-robotics-labs/lab2/ex09/install/ex09_package/include/ex09_package/ex09_package/srv
-- Up-to-date: /home/asphodel/NSU/Labs/nsu-robotics-labs/lab2/ex09/install/ex09_package/include/ex09_package/ex09_package/srv/detail
-- Installing: /home/asphodel/NSU/Labs/nsu-robotics-labs/lab2/ex09/install/ex09_package/include/ex09_package/ex09_package/srv/detail/full_name_sum_service__rosidl_typesupport_introspection_c.h
-- Installing: /home/asphodel/NSU/Labs/nsu-robotics-labs/lab2/ex09/install/ex09_package/include/ex09_package/ex09_package/srv/detail/full_name_sum_service__type_support.c
-- Up-to-date: /home/asphodel/NSU/Labs/nsu-robotics-labs/lab2/ex09/install/ex09_package/include/ex09_package/ex09_package/msg
-- Up-to-date: /home/asphodel/NSU/Labs/nsu-robotics-labs/lab2/ex09/install/ex09_package/include/ex09_package/ex09_package/msg/detail
-- Installing: /home/asphodel/NSU/Labs/nsu-robotics-labs/lab2/ex09/install/ex09_package/include/ex09_package/ex09_package/msg/detail/full_name_message__rosidl_typesupport_introspection_c.h
-- Installing: /home/asphodel/NSU/Labs/nsu-robotics-labs/lab2/ex09/install/ex09_package/include/ex09_package/ex09_package/msg/detail/full_name_message__type_support.c
-- Installing: /home/asphodel/NSU/Labs/nsu-robotics-labs/lab2/ex09/install/ex09_package/include/ex09_package/ex09_package/msg/rosidl_typesupport_introspection_c__visibility_control.h
-- Installing: /home/asphodel/NSU/Labs/nsu-robotics-labs/lab2/ex09/install/ex09_package/lib/libex09_package__rosidl_typesupport_introspection_c.so
-- Set runtime path of "/home/asphodel/NSU/Labs/nsu-robotics-labs/lab2/ex09/install/ex09_package/lib/libex09_package__rosidl_typesupport_introspection_c.so" to ""
-- Installing: /home/asphodel/NSU/Labs/nsu-robotics-labs/lab2/ex09/install/ex09_package/lib/libex09_package__rosidl_typesupport_c.so
-- Set runtime path of "/home/asphodel/NSU/Labs/nsu-robotics-labs/lab2/ex09/install/ex09_package/lib/libex09_package__rosidl_typesupport_c.so" to ""
-- Up-to-date: /home/asphodel/NSU/Labs/nsu-robotics-labs/lab2/ex09/install/ex09_package/include/ex09_package/ex09_package
-- Up-to-date: /home/asphodel/NSU/Labs/nsu-robotics-labs/lab2/ex09/install/ex09_package/include/ex09_package/ex09_package/srv
-- Installing: /home/asphodel/NSU/Labs/nsu-robotics-labs/lab2/ex09/install/ex09_package/include/ex09_package/ex09_package/srv/full_name_sum_service.hpp
-- Up-to-date: /home/asphodel/NSU/Labs/nsu-robotics-labs/lab2/ex09/install/ex09_package/include/ex09_package/ex09_package/srv/detail
-- Installing: /home/asphodel/NSU/Labs/nsu-robotics-labs/lab2/ex09/install/ex09_package/include/ex09_package/ex09_package/srv/detail/full_name_sum_service__builder.hpp
-- Installing: /home/asphodel/NSU/Labs/nsu-robotics-labs/lab2/ex09/install/ex09_package/include/ex09_package/ex09_package/srv/detail/full_name_sum_service__struct.hpp
-- Installing: /home/asphodel/NSU/Labs/nsu-robotics-labs/lab2/ex09/install/ex09_package/include/ex09_package/ex09_package/srv/detail/full_name_sum_service__traits.hpp
-- Up-to-date: /home/asphodel/NSU/Labs/nsu-robotics-labs/lab2/ex09/install/ex09_package/include/ex09_package/ex09_package/msg
-- Installing: /home/asphodel/NSU/Labs/nsu-robotics-labs/lab2/ex09/install/ex09_package/include/ex09_package/ex09_package/msg/full_name_message.hpp
-- Up-to-date: /home/asphodel/NSU/Labs/nsu-robotics-labs/lab2/ex09/install/ex09_package/include/ex09_package/ex09_package/msg/detail
-- Installing: /home/asphodel/NSU/Labs/nsu-robotics-labs/lab2/ex09/install/ex09_package/include/ex09_package/ex09_package/msg/detail/full_name_message__traits.hpp
-- Installing: /home/asphodel/NSU/Labs/nsu-robotics-labs/lab2/ex09/install/ex09_package/include/ex09_package/ex09_package/msg/detail/full_name_message__builder.hpp
-- Installing: /home/asphodel/NSU/Labs/nsu-robotics-labs/lab2/ex09/install/ex09_package/include/ex09_package/ex09_package/msg/detail/full_name_message__struct.hpp
-- Up-to-date: /home/asphodel/NSU/Labs/nsu-robotics-labs/lab2/ex09/install/ex09_package/include/ex09_package/ex09_package
-- Up-to-date: /home/asphodel/NSU/Labs/nsu-robotics-labs/lab2/ex09/install/ex09_package/include/ex09_package/ex09_package/srv
-- Up-to-date: /home/asphodel/NSU/Labs/nsu-robotics-labs/lab2/ex09/install/ex09_package/include/ex09_package/ex09_package/srv/detail
-- Installing: /home/asphodel/NSU/Labs/nsu-robotics-labs/lab2/ex09/install/ex09_package/include/ex09_package/ex09_package/srv/detail/full_name_sum_service__rosidl_typesupport_fastrtps_cpp.hpp
-- Installing: /home/asphodel/NSU/Labs/nsu-robotics-labs/lab2/ex09/install/ex09_package/include/ex09_package/ex09_package/srv/detail/dds_fastrtps
-- Up-to-date: /home/asphodel/NSU/Labs/nsu-robotics-labs/lab2/ex09/install/ex09_package/include/ex09_package/ex09_package/msg
-- Up-to-date: /home/asphodel/NSU/Labs/nsu-robotics-labs/lab2/ex09/install/ex09_package/include/ex09_package/ex09_package/msg/detail
-- Installing: /home/asphodel/NSU/Labs/nsu-robotics-labs/lab2/ex09/install/ex09_package/include/ex09_package/ex09_package/msg/detail/full_name_message__rosidl_typesupport_fastrtps_cpp.hpp
-- Installing: /home/asphodel/NSU/Labs/nsu-robotics-labs/lab2/ex09/install/ex09_package/include/ex09_package/ex09_package/msg/detail/dds_fastrtps
-- Installing: /home/asphodel/NSU/Labs/nsu-robotics-labs/lab2/ex09/install/ex09_package/include/ex09_package/ex09_package/msg/rosidl_typesupport_fastrtps_cpp__visibility_control.h
-- Installing: /home/asphodel/NSU/Labs/nsu-robotics-labs/lab2/ex09/install/ex09_package/lib/libex09_package__rosidl_typesupport_fastrtps_cpp.so
-- Set runtime path of "/home/asphodel/NSU/Labs/nsu-robotics-labs/lab2/ex09/install/ex09_package/lib/libex09_package__rosidl_typesupport_fastrtps_cpp.so" to ""
-- Up-to-date: /home/asphodel/NSU/Labs/nsu-robotics-labs/lab2/ex09/install/ex09_package/include/ex09_package/ex09_package
-- Up-to-date: /home/asphodel/NSU/Labs/nsu-robotics-labs/lab2/ex09/install/ex09_package/include/ex09_package/ex09_package/srv
-- Up-to-date: /home/asphodel/NSU/Labs/nsu-robotics-labs/lab2/ex09/install/ex09_package/include/ex09_package/ex09_package/srv/detail
-- Installing: /home/asphodel/NSU/Labs/nsu-robotics-labs/lab2/ex09/install/ex09_package/include/ex09_package/ex09_package/srv/detail/full_name_sum_service__rosidl_typesupport_introspection_cpp.hpp
-- Installing: /home/asphodel/NSU/Labs/nsu-robotics-labs/lab2/ex09/install/ex09_package/include/ex09_package/ex09_package/srv/detail/full_name_sum_service__type_support.cpp
-- Up-to-date: /home/asphodel/NSU/Labs/nsu-robotics-labs/lab2/ex09/install/ex09_package/include/ex09_package/ex09_package/msg
-- Up-to-date: /home/asphodel/NSU/Labs/nsu-robotics-labs/lab2/ex09/install/ex09_package/include/ex09_package/ex09_package/msg/detail
-- Installing: /home/asphodel/NSU/Labs/nsu-robotics-labs/lab2/ex09/install/ex09_package/include/ex09_package/ex09_package/msg/detail/full_name_message__type_support.cpp
-- Installing: /home/asphodel/NSU/Labs/nsu-robotics-labs/lab2/ex09/install/ex09_package/include/ex09_package/ex09_package/msg/detail/full_name_message__rosidl_typesupport_introspection_cpp.hpp
-- Installing: /home/asphodel/NSU/Labs/nsu-robotics-labs/lab2/ex09/install/ex09_package/lib/libex09_package__rosidl_typesupport_introspection_cpp.so
-- Set runtime path of "/home/asphodel/NSU/Labs/nsu-robotics-labs/lab2/ex09/install/ex09_package/lib/libex09_package__rosidl_typesupport_introspection_cpp.so" to ""
-- Installing: /home/asphodel/NSU/Labs/nsu-robotics-labs/lab2/ex09/install/ex09_package/lib/libex09_package__rosidl_typesupport_cpp.so
-- Set runtime path of "/home/asphodel/NSU/Labs/nsu-robotics-labs/lab2/ex09/install/ex09_package/lib/libex09_package__rosidl_typesupport_cpp.so" to ""
-- Installing: /home/asphodel/NSU/Labs/nsu-robotics-labs/lab2/ex09/install/ex09_package/share/ex09_package/environment/pythonpath.sh
-- Installing: /home/asphodel/NSU/Labs/nsu-robotics-labs/lab2/ex09/install/ex09_package/share/ex09_package/environment/pythonpath.dsv
-- Installing: /home/asphodel/NSU/Labs/nsu-robotics-labs/lab2/ex09/install/ex09_package/local/lib/python3.10/dist-packages/ex09_package-0.0.0-py3.10.egg-info
-- Installing: /home/asphodel/NSU/Labs/nsu-robotics-labs/lab2/ex09/install/ex09_package/local/lib/python3.10/dist-packages/ex09_package-0.0.0-py3.10.egg-info/dependency_links.txt
-- Installing: /home/asphodel/NSU/Labs/nsu-robotics-labs/lab2/ex09/install/ex09_package/local/lib/python3.10/dist-packages/ex09_package-0.0.0-py3.10.egg-info/top_level.txt
-- Installing: /home/asphodel/NSU/Labs/nsu-robotics-labs/lab2/ex09/install/ex09_package/local/lib/python3.10/dist-packages/ex09_package-0.0.0-py3.10.egg-info/PKG-INFO
-- Installing: /home/asphodel/NSU/Labs/nsu-robotics-labs/lab2/ex09/install/ex09_package/local/lib/python3.10/dist-packages/ex09_package-0.0.0-py3.10.egg-info/SOURCES.txt
-- Installing: /home/asphodel/NSU/Labs/nsu-robotics-labs/lab2/ex09/install/ex09_package/local/lib/python3.10/dist-packages/ex09_package
-- Installing: /home/asphodel/NSU/Labs/nsu-robotics-labs/lab2/ex09/install/ex09_package/local/lib/python3.10/dist-packages/ex09_package/srv
-- Installing: /home/asphodel/NSU/Labs/nsu-robotics-labs/lab2/ex09/install/ex09_package/local/lib/python3.10/dist-packages/ex09_package/srv/_full_name_sum_service.py
-- Installing: /home/asphodel/NSU/Labs/nsu-robotics-labs/lab2/ex09/install/ex09_package/local/lib/python3.10/dist-packages/ex09_package/srv/_full_name_sum_service_s.c
-- Installing: /home/asphodel/NSU/Labs/nsu-robotics-labs/lab2/ex09/install/ex09_package/local/lib/python3.10/dist-packages/ex09_package/srv/__init__.py
-- Installing: /home/asphodel/NSU/Labs/nsu-robotics-labs/lab2/ex09/install/ex09_package/local/lib/python3.10/dist-packages/ex09_package/_ex09_package_s.ep.rosidl_typesupport_c.c
-- Installing: /home/asphodel/NSU/Labs/nsu-robotics-labs/lab2/ex09/install/ex09_package/local/lib/python3.10/dist-packages/ex09_package/libex09_package__rosidl_generator_py.so
-- Installing: /home/asphodel/NSU/Labs/nsu-robotics-labs/lab2/ex09/install/ex09_package/local/lib/python3.10/dist-packages/ex09_package/msg
-- Installing: /home/asphodel/NSU/Labs/nsu-robotics-labs/lab2/ex09/install/ex09_package/local/lib/python3.10/dist-packages/ex09_package/msg/_full_name_message.py
-- Installing: /home/asphodel/NSU/Labs/nsu-robotics-labs/lab2/ex09/install/ex09_package/local/lib/python3.10/dist-packages/ex09_package/msg/_full_name_message_s.c
-- Installing: /home/asphodel/NSU/Labs/nsu-robotics-labs/lab2/ex09/install/ex09_package/local/lib/python3.10/dist-packages/ex09_package/msg/__init__.py
-- Installing: /home/asphodel/NSU/Labs/nsu-robotics-labs/lab2/ex09/install/ex09_package/local/lib/python3.10/dist-packages/ex09_package/_ex09_package_s.ep.rosidl_typesupport_introspection_c.c
-- Installing: /home/asphodel/NSU/Labs/nsu-robotics-labs/lab2/ex09/install/ex09_package/local/lib/python3.10/dist-packages/ex09_package/ex09_package_s__rosidl_typesupport_fastrtps_c.cpython-310-x86_64-linux-gnu.so
-- Installing: /home/asphodel/NSU/Labs/nsu-robotics-labs/lab2/ex09/install/ex09_package/local/lib/python3.10/dist-packages/ex09_package/ex09_package_s__rosidl_typesupport_introspection_c.cpython-310-x86_64-linux-gnu.so
-- Installing: /home/asphodel/NSU/Labs/nsu-robotics-labs/lab2/ex09/install/ex09_package/local/lib/python3.10/dist-packages/ex09_package/ex09_package_s__rosidl_typesupport_c.cpython-310-x86_64-linux-gnu.so
-- Installing: /home/asphodel/NSU/Labs/nsu-robotics-labs/lab2/ex09/install/ex09_package/local/lib/python3.10/dist-packages/ex09_package/_ex09_package_s.ep.rosidl_typesupport_fastrtps_c.c
-- Installing: /home/asphodel/NSU/Labs/nsu-robotics-labs/lab2/ex09/install/ex09_package/local/lib/python3.10/dist-packages/ex09_package/__init__.py
Listing '/home/asphodel/NSU/Labs/nsu-robotics-labs/lab2/ex09/install/ex09_package/local/lib/python3.10/dist-packages/ex09_package'...
Compiling '/home/asphodel/NSU/Labs/nsu-robotics-labs/lab2/ex09/install/ex09_package/local/lib/python3.10/dist-packages/ex09_package/__init__.py'...
Listing '/home/asphodel/NSU/Labs/nsu-robotics-labs/lab2/ex09/install/ex09_package/local/lib/python3.10/dist-packages/ex09_package/msg'...
Compiling '/home/asphodel/NSU/Labs/nsu-robotics-labs/lab2/ex09/install/ex09_package/local/lib/python3.10/dist-packages/ex09_package/msg/__init__.py'...
Compiling '/home/asphodel/NSU/Labs/nsu-robotics-labs/lab2/ex09/install/ex09_package/local/lib/python3.10/dist-packages/ex09_package/msg/_full_name_message.py'...
Listing '/home/asphodel/NSU/Labs/nsu-robotics-labs/lab2/ex09/install/ex09_package/local/lib/python3.10/dist-packages/ex09_package/srv'...
Compiling '/home/asphodel/NSU/Labs/nsu-robotics-labs/lab2/ex09/install/ex09_package/local/lib/python3.10/dist-packages/ex09_package/srv/__init__.py'...
Compiling '/home/asphodel/NSU/Labs/nsu-robotics-labs/lab2/ex09/install/ex09_package/local/lib/python3.10/dist-packages/ex09_package/srv/_full_name_sum_service.py'...
-- Installing: /home/asphodel/NSU/Labs/nsu-robotics-labs/lab2/ex09/install/ex09_package/local/lib/python3.10/dist-packages/ex09_package/ex09_package_s__rosidl_typesupport_fastrtps_c.cpython-310-x86_64-linux-gnu.so
-- Set runtime path of "/home/asphodel/NSU/Labs/nsu-robotics-labs/lab2/ex09/install/ex09_package/local/lib/python3.10/dist-packages/ex09_package/ex09_package_s__rosidl_typesupport_fastrtps_c.cpython-310-x86_64-linux-gnu.so" to ""
-- Installing: /home/asphodel/NSU/Labs/nsu-robotics-labs/lab2/ex09/install/ex09_package/local/lib/python3.10/dist-packages/ex09_package/ex09_package_s__rosidl_typesupport_introspection_c.cpython-310-x86_64-linux-gnu.so
-- Set runtime path of "/home/asphodel/NSU/Labs/nsu-robotics-labs/lab2/ex09/install/ex09_package/local/lib/python3.10/dist-packages/ex09_package/ex09_package_s__rosidl_typesupport_introspection_c.cpython-310-x86_64-linux-gnu.so" to ""
-- Installing: /home/asphodel/NSU/Labs/nsu-robotics-labs/lab2/ex09/install/ex09_package/local/lib/python3.10/dist-packages/ex09_package/ex09_package_s__rosidl_typesupport_c.cpython-310-x86_64-linux-gnu.so
-- Set runtime path of "/home/asphodel/NSU/Labs/nsu-robotics-labs/lab2/ex09/install/ex09_package/local/lib/python3.10/dist-packages/ex09_package/ex09_package_s__rosidl_typesupport_c.cpython-310-x86_64-linux-gnu.so" to ""
-- Installing: /home/asphodel/NSU/Labs/nsu-robotics-labs/lab2/ex09/install/ex09_package/lib/libex09_package__rosidl_generator_py.so
-- Set runtime path of "/home/asphodel/NSU/Labs/nsu-robotics-labs/lab2/ex09/install/ex09_package/lib/libex09_package__rosidl_generator_py.so" to ""
-- Installing: /home/asphodel/NSU/Labs/nsu-robotics-labs/lab2/ex09/install/ex09_package/share/ex09_package/msg/FullNameMessage.idl
-- Installing: /home/asphodel/NSU/Labs/nsu-robotics-labs/lab2/ex09/install/ex09_package/share/ex09_package/srv/FullNameSumService.idl
-- Installing: /home/asphodel/NSU/Labs/nsu-robotics-labs/lab2/ex09/install/ex09_package/share/ex09_package/msg/FullNameMessage.msg
-- Installing: /home/asphodel/NSU/Labs/nsu-robotics-labs/lab2/ex09/install/ex09_package/share/ex09_package/srv/FullNameSumService.srv
-- Installing: /home/asphodel/NSU/Labs/nsu-robotics-labs/lab2/ex09/install/ex09_package/share/ex09_package/srv/FullNameSumService_Request.msg
-- Installing: /home/asphodel/NSU/Labs/nsu-robotics-labs/lab2/ex09/install/ex09_package/share/ex09_package/srv/FullNameSumService_Response.msg
-- Installing: /home/asphodel/NSU/Labs/nsu-robotics-labs/lab2/ex09/install/ex09_package/share/ament_index/resource_index/package_run_dependencies/ex09_package
-- Up-to-date: /home/asphodel/NSU/Labs/nsu-robotics-labs/lab2/ex09/install/ex09_package/share/ament_index/resource_index/parent_prefix_path/ex09_package
-- Up-to-date: /home/asphodel/NSU/Labs/nsu-robotics-labs/lab2/ex09/install/ex09_package/share/ex09_package/environment/ament_prefix_path.sh
-- Installing: /home/asphodel/NSU/Labs/nsu-robotics-labs/lab2/ex09/install/ex09_package/share/ex09_package/environment/ament_prefix_path.dsv
-- Up-to-date: /home/asphodel/NSU/Labs/nsu-robotics-labs/lab2/ex09/install/ex09_package/share/ex09_package/environment/path.sh
-- Installing: /home/asphodel/NSU/Labs/nsu-robotics-labs/lab2/ex09/install/ex09_package/share/ex09_package/environment/path.dsv
-- Up-to-date: /home/asphodel/NSU/Labs/nsu-robotics-labs/lab2/ex09/install/ex09_package/share/ex09_package/local_setup.bash
-- Installing: /home/asphodel/NSU/Labs/nsu-robotics-labs/lab2/ex09/install/ex09_package/share/ex09_package/local_setup.sh
-- Up-to-date: /home/asphodel/NSU/Labs/nsu-robotics-labs/lab2/ex09/install/ex09_package/share/ex09_package/local_setup.zsh
-- Installing: /home/asphodel/NSU/Labs/nsu-robotics-labs/lab2/ex09/install/ex09_package/share/ex09_package/local_setup.dsv
-- Installing: /home/asphodel/NSU/Labs/nsu-robotics-labs/lab2/ex09/install/ex09_package/share/ex09_package/package.dsv
-- Up-to-date: /home/asphodel/NSU/Labs/nsu-robotics-labs/lab2/ex09/install/ex09_package/share/ament_index/resource_index/packages/ex09_package
-- Installing: /home/asphodel/NSU/Labs/nsu-robotics-labs/lab2/ex09/install/ex09_package/share/ex09_package/cmake/export_ex09_package__rosidl_generator_cExport.cmake
-- Installing: /home/asphodel/NSU/Labs/nsu-robotics-labs/lab2/ex09/install/ex09_package/share/ex09_package/cmake/export_ex09_package__rosidl_generator_cExport-noconfig.cmake
-- Installing: /home/asphodel/NSU/Labs/nsu-robotics-labs/lab2/ex09/install/ex09_package/share/ex09_package/cmake/export_ex09_package__rosidl_typesupport_fastrtps_cExport.cmake
-- Installing: /home/asphodel/NSU/Labs/nsu-robotics-labs/lab2/ex09/install/ex09_package/share/ex09_package/cmake/export_ex09_package__rosidl_typesupport_fastrtps_cExport-noconfig.cmake
-- Installing: /home/asphodel/NSU/Labs/nsu-robotics-labs/lab2/ex09/install/ex09_package/share/ex09_package/cmake/ex09_package__rosidl_typesupport_introspection_cExport.cmake
-- Installing: /home/asphodel/NSU/Labs/nsu-robotics-labs/lab2/ex09/install/ex09_package/share/ex09_package/cmake/ex09_package__rosidl_typesupport_introspection_cExport-noconfig.cmake
-- Installing: /home/asphodel/NSU/Labs/nsu-robotics-labs/lab2/ex09/install/ex09_package/share/ex09_package/cmake/ex09_package__rosidl_typesupport_cExport.cmake
-- Installing: /home/asphodel/NSU/Labs/nsu-robotics-labs/lab2/ex09/install/ex09_package/share/ex09_package/cmake/ex09_package__rosidl_typesupport_cExport-noconfig.cmake
-- Installing: /home/asphodel/NSU/Labs/nsu-robotics-labs/lab2/ex09/install/ex09_package/share/ex09_package/cmake/export_ex09_package__rosidl_generator_cppExport.cmake
-- Installing: /home/asphodel/NSU/Labs/nsu-robotics-labs/lab2/ex09/install/ex09_package/share/ex09_package/cmake/export_ex09_package__rosidl_typesupport_fastrtps_cppExport.cmake
-- Installing: /home/asphodel/NSU/Labs/nsu-robotics-labs/lab2/ex09/install/ex09_package/share/ex09_package/cmake/export_ex09_package__rosidl_typesupport_fastrtps_cppExport-noconfig.cmake
-- Installing: /home/asphodel/NSU/Labs/nsu-robotics-labs/lab2/ex09/install/ex09_package/share/ex09_package/cmake/ex09_package__rosidl_typesupport_introspection_cppExport.cmake
-- Installing: /home/asphodel/NSU/Labs/nsu-robotics-labs/lab2/ex09/install/ex09_package/share/ex09_package/cmake/ex09_package__rosidl_typesupport_introspection_cppExport-noconfig.cmake
-- Installing: /home/asphodel/NSU/Labs/nsu-robotics-labs/lab2/ex09/install/ex09_package/share/ex09_package/cmake/ex09_package__rosidl_typesupport_cppExport.cmake
-- Installing: /home/asphodel/NSU/Labs/nsu-robotics-labs/lab2/ex09/install/ex09_package/share/ex09_package/cmake/ex09_package__rosidl_typesupport_cppExport-noconfig.cmake
-- Installing: /home/asphodel/NSU/Labs/nsu-robotics-labs/lab2/ex09/install/ex09_package/share/ex09_package/cmake/export_ex09_package__rosidl_generator_pyExport.cmake
-- Installing: /home/asphodel/NSU/Labs/nsu-robotics-labs/lab2/ex09/install/ex09_package/share/ex09_package/cmake/export_ex09_package__rosidl_generator_pyExport-noconfig.cmake
-- Installing: /home/asphodel/NSU/Labs/nsu-robotics-labs/lab2/ex09/install/ex09_package/share/ex09_package/cmake/rosidl_cmake-extras.cmake
-- Installing: /home/asphodel/NSU/Labs/nsu-robotics-labs/lab2/ex09/install/ex09_package/share/ex09_package/cmake/ament_cmake_export_include_directories-extras.cmake
-- Installing: /home/asphodel/NSU/Labs/nsu-robotics-labs/lab2/ex09/install/ex09_package/share/ex09_package/cmake/ament_cmake_export_libraries-extras.cmake
-- Installing: /home/asphodel/NSU/Labs/nsu-robotics-labs/lab2/ex09/install/ex09_package/share/ex09_package/cmake/ament_cmake_export_targets-extras.cmake
-- Installing: /home/asphodel/NSU/Labs/nsu-robotics-labs/lab2/ex09/install/ex09_package/share/ex09_package/cmake/rosidl_cmake_export_typesupport_targets-extras.cmake
-- Installing: /home/asphodel/NSU/Labs/nsu-robotics-labs/lab2/ex09/install/ex09_package/share/ex09_package/cmake/ament_cmake_export_dependencies-extras.cmake
-- Installing: /home/asphodel/NSU/Labs/nsu-robotics-labs/lab2/ex09/install/ex09_package/share/ex09_package/cmake/rosidl_cmake_export_typesupport_libraries-extras.cmake
-- Installing: /home/asphodel/NSU/Labs/nsu-robotics-labs/lab2/ex09/install/ex09_package/share/ex09_package/cmake/ex09_packageConfig.cmake
-- Up-to-date: /home/asphodel/NSU/Labs/nsu-robotics-labs/lab2/ex09/install/ex09_package/share/ex09_package/cmake/ex09_packageConfig-version.cmake
-- Installing: /home/asphodel/NSU/Labs/nsu-robotics-labs/lab2/ex09/install/ex09_package/share/ex09_package/package.xml
