-- The C compiler identification is GNU 10.5.0
-- The CXX compiler identification is GNU 11.4.0
-- Detecting C compiler ABI info
-- Detecting C compiler ABI info - done
-- Check for working C compiler: /usr/bin/cc - skipped
-- Detecting C compile features
-- Detecting C compile features - done
-- Detecting CXX compiler ABI info
-- Detecting CXX compiler ABI info - done
-- Check for working CXX compiler: /usr/bin/c++ - skipped
-- Detecting CXX compile features
-- Detecting CXX compile features - done
-- Found ament_cmake: 1.3.5 (/opt/ros/humble/share/ament_cmake/cmake)
-- Found Python3: /usr/bin/python3.10 (found version "3.10.12") found components: Interpreter 
-- Found ament_lint_auto: 0.12.7 (/opt/ros/humble/share/ament_lint_auto/cmake)
-- Added test 'lint_cmake' to check CMake code style
-- Added test 'xmllint' to check XML markup files
-- Configuring done
-- Generating done
-- Build files have been written to: /home/asphodel/NSU/Labs/nsu-robotics-labs/lab2/ex10/build/ex10
-- Install configuration: ""
-- Installing: /home/asphodel/NSU/Labs/nsu-robotics-labs/lab2/ex10/install/ex10/share/ament_index/resource_index/package_run_dependencies/ex10
-- Installing: /home/asphodel/NSU/Labs/nsu-robotics-labs/lab2/ex10/install/ex10/share/ament_index/resource_index/parent_prefix_path/ex10
-- Installing: /home/asphodel/NSU/Labs/nsu-robotics-labs/lab2/ex10/install/ex10/share/ex10/environment/ament_prefix_path.sh
-- Installing: /home/asphodel/NSU/Labs/nsu-robotics-labs/lab2/ex10/install/ex10/share/ex10/environment/ament_prefix_path.dsv
-- Installing: /home/asphodel/NSU/Labs/nsu-robotics-labs/lab2/ex10/install/ex10/share/ex10/environment/path.sh
-- Installing: /home/asphodel/NSU/Labs/nsu-robotics-labs/lab2/ex10/install/ex10/share/ex10/environment/path.dsv
-- Installing: /home/asphodel/NSU/Labs/nsu-robotics-labs/lab2/ex10/install/ex10/share/ex10/local_setup.bash
-- Installing: /home/asphodel/NSU/Labs/nsu-robotics-labs/lab2/ex10/install/ex10/share/ex10/local_setup.sh
-- Installing: /home/asphodel/NSU/Labs/nsu-robotics-labs/lab2/ex10/install/ex10/share/ex10/local_setup.zsh
-- Installing: /home/asphodel/NSU/Labs/nsu-robotics-labs/lab2/ex10/install/ex10/share/ex10/local_setup.dsv
-- Installing: /home/asphodel/NSU/Labs/nsu-robotics-labs/lab2/ex10/install/ex10/share/ex10/package.dsv
-- Installing: /home/asphodel/NSU/Labs/nsu-robotics-labs/lab2/ex10/install/ex10/share/ament_index/resource_index/packages/ex10
-- Installing: /home/asphodel/NSU/Labs/nsu-robotics-labs/lab2/ex10/install/ex10/share/ex10/cmake/ex10Config.cmake
-- Installing: /home/asphodel/NSU/Labs/nsu-robotics-labs/lab2/ex10/install/ex10/share/ex10/cmake/ex10Config-version.cmake
-- Installing: /home/asphodel/NSU/Labs/nsu-robotics-labs/lab2/ex10/install/ex10/share/ex10/package.xml
