[0.006s] Invoking command in '/home/asphodel/NSU/Labs/nsu-robotics-labs/lab2/ex10/build/ex10': CMAKE_PREFIX_PATH=/opt/ros/humble /usr/bin/cmake /home/asphodel/NSU/Labs/nsu-robotics-labs/lab2/ex10/src/ex10 -DCMAKE_INSTALL_PREFIX=/home/asphodel/NSU/Labs/nsu-robotics-labs/lab2/ex10/install/ex10
[0.035s] -- The C compiler identification is GNU 10.5.0
[0.067s] -- The CXX compiler identification is GNU 11.4.0
[0.071s] -- Detecting C compiler ABI info
[0.108s] -- Detecting C compiler ABI info - done
[0.112s] -- Check for working C compiler: /usr/bin/cc - skipped
[0.112s] -- Detecting C compile features
[0.112s] -- Detecting C compile features - done
[0.114s] -- Detecting CXX compiler ABI info
[0.158s] -- Detecting CXX compiler ABI info - done
[0.162s] -- Check for working CXX compiler: /usr/bin/c++ - skipped
[0.163s] -- Detecting CXX compile features
[0.163s] -- Detecting CXX compile features - done
[0.164s] -- Found ament_cmake: 1.3.5 (/opt/ros/humble/share/ament_cmake/cmake)
[0.256s] -- Found Python3: /usr/bin/python3.10 (found version "3.10.12") found components: Interpreter 
[0.299s] -- Found ament_lint_auto: 0.12.7 (/opt/ros/humble/share/ament_lint_auto/cmake)
[0.339s] -- Added test 'lint_cmake' to check CMake code style
[0.339s] -- Added test 'xmllint' to check XML markup files
[0.340s] -- Configuring done
[0.341s] -- Generating done
[0.342s] -- Build files have been written to: /home/asphodel/NSU/Labs/nsu-robotics-labs/lab2/ex10/build/ex10
[0.345s] Invoked command in '/home/asphodel/NSU/Labs/nsu-robotics-labs/lab2/ex10/build/ex10' returned '0': CMAKE_PREFIX_PATH=/opt/ros/humble /usr/bin/cmake /home/asphodel/NSU/Labs/nsu-robotics-labs/lab2/ex10/src/ex10 -DCMAKE_INSTALL_PREFIX=/home/asphodel/NSU/Labs/nsu-robotics-labs/lab2/ex10/install/ex10
[0.346s] Invoking command in '/home/asphodel/NSU/Labs/nsu-robotics-labs/lab2/ex10/build/ex10': CMAKE_PREFIX_PATH=/opt/ros/humble /usr/bin/cmake --build /home/asphodel/NSU/Labs/nsu-robotics-labs/lab2/ex10/build/ex10 -- -j16 -l16
[0.366s] Invoked command in '/home/asphodel/NSU/Labs/nsu-robotics-labs/lab2/ex10/build/ex10' returned '0': CMAKE_PREFIX_PATH=/opt/ros/humble /usr/bin/cmake --build /home/asphodel/NSU/Labs/nsu-robotics-labs/lab2/ex10/build/ex10 -- -j16 -l16
[0.383s] Invoking command in '/home/asphodel/NSU/Labs/nsu-robotics-labs/lab2/ex10/build/ex10': CMAKE_PREFIX_PATH=/opt/ros/humble /usr/bin/cmake --install /home/asphodel/NSU/Labs/nsu-robotics-labs/lab2/ex10/build/ex10
[0.388s] -- Install configuration: ""
[0.388s] -- Installing: /home/asphodel/NSU/Labs/nsu-robotics-labs/lab2/ex10/install/ex10/share/ament_index/resource_index/package_run_dependencies/ex10
[0.388s] -- Installing: /home/asphodel/NSU/Labs/nsu-robotics-labs/lab2/ex10/install/ex10/share/ament_index/resource_index/parent_prefix_path/ex10
[0.389s] -- Installing: /home/asphodel/NSU/Labs/nsu-robotics-labs/lab2/ex10/install/ex10/share/ex10/environment/ament_prefix_path.sh
[0.389s] -- Installing: /home/asphodel/NSU/Labs/nsu-robotics-labs/lab2/ex10/install/ex10/share/ex10/environment/ament_prefix_path.dsv
[0.389s] -- Installing: /home/asphodel/NSU/Labs/nsu-robotics-labs/lab2/ex10/install/ex10/share/ex10/environment/path.sh
[0.389s] -- Installing: /home/asphodel/NSU/Labs/nsu-robotics-labs/lab2/ex10/install/ex10/share/ex10/environment/path.dsv
[0.389s] -- Installing: /home/asphodel/NSU/Labs/nsu-robotics-labs/lab2/ex10/install/ex10/share/ex10/local_setup.bash
[0.389s] -- Installing: /home/asphodel/NSU/Labs/nsu-robotics-labs/lab2/ex10/install/ex10/share/ex10/local_setup.sh
[0.389s] -- Installing: /home/asphodel/NSU/Labs/nsu-robotics-labs/lab2/ex10/install/ex10/share/ex10/local_setup.zsh
[0.389s] -- Installing: /home/asphodel/NSU/Labs/nsu-robotics-labs/lab2/ex10/install/ex10/share/ex10/local_setup.dsv
[0.389s] -- Installing: /home/asphodel/NSU/Labs/nsu-robotics-labs/lab2/ex10/install/ex10/share/ex10/package.dsv
[0.389s] -- Installing: /home/asphodel/NSU/Labs/nsu-robotics-labs/lab2/ex10/install/ex10/share/ament_index/resource_index/packages/ex10
[0.389s] -- Installing: /home/asphodel/NSU/Labs/nsu-robotics-labs/lab2/ex10/install/ex10/share/ex10/cmake/ex10Config.cmake
[0.389s] -- Installing: /home/asphodel/NSU/Labs/nsu-robotics-labs/lab2/ex10/install/ex10/share/ex10/cmake/ex10Config-version.cmake
[0.389s] -- Installing: /home/asphodel/NSU/Labs/nsu-robotics-labs/lab2/ex10/install/ex10/share/ex10/package.xml
[0.390s] Invoked command in '/home/asphodel/NSU/Labs/nsu-robotics-labs/lab2/ex10/build/ex10' returned '0': CMAKE_PREFIX_PATH=/opt/ros/humble /usr/bin/cmake --install /home/asphodel/NSU/Labs/nsu-robotics-labs/lab2/ex10/build/ex10
