[0.437s] DEBUG:colcon:Command line arguments: ['/usr/bin/colcon', 'build']
[0.437s] DEBUG:colcon:Parsed command line arguments: Namespace(log_base=None, log_level=None, verb_name='build', build_base='build', install_base='install', merge_install=False, symlink_install=False, test_result_base=None, continue_on_error=False, executor='parallel', parallel_workers=16, event_handlers=None, ignore_user_meta=False, metas=['./colcon.meta'], base_paths=['.'], packages_ignore=None, packages_ignore_regex=None, paths=None, packages_up_to=None, packages_up_to_regex=None, packages_above=None, packages_above_and_dependencies=None, packages_above_depth=None, packages_select_by_dep=None, packages_skip_by_dep=None, packages_skip_up_to=None, packages_select_build_failed=False, packages_skip_build_finished=False, packages_select_test_failures=False, packages_skip_test_passed=False, packages_select=None, packages_skip=None, packages_select_regex=None, packages_skip_regex=None, packages_start=None, packages_end=None, allow_overriding=[], cmake_args=None, cmake_target=None, cmake_target_skip_unavailable=False, cmake_clean_cache=False, cmake_clean_first=False, cmake_force_configure=False, ament_cmake_args=None, catkin_cmake_args=None, catkin_skip_building_tests=False, verb_parser=<colcon_defaults.argument_parser.defaults.DefaultArgumentsDecorator object at 0x7fbb1d5ba7a0>, verb_extension=<colcon_core.verb.build.BuildVerb object at 0x7fbb1dd9c580>, main=<bound method BuildVerb.main of <colcon_core.verb.build.BuildVerb object at 0x7fbb1dd9c580>>)
[0.460s] Level 1:colcon.colcon_core.package_discovery:discover_packages(colcon_meta) check parameters
[0.460s] Level 1:colcon.colcon_core.package_discovery:discover_packages(recursive) check parameters
[0.460s] Level 1:colcon.colcon_core.package_discovery:discover_packages(ignore) check parameters
[0.460s] Level 1:colcon.colcon_core.package_discovery:discover_packages(path) check parameters
[0.460s] Level 1:colcon.colcon_core.package_discovery:discover_packages(colcon_meta) discover
[0.460s] Level 1:colcon.colcon_core.package_discovery:discover_packages(recursive) discover
[0.460s] INFO:colcon.colcon_core.package_discovery:Crawling recursively for packages in '/home/asphodel/NSU/Labs/nsu-robotics-labs/lab2/ex09'
[0.460s] Level 1:colcon.colcon_core.package_identification:_identify(.) by extensions ['ignore', 'ignore_ament_install']
[0.460s] Level 1:colcon.colcon_core.package_identification:_identify(.) by extension 'ignore'
[0.460s] Level 1:colcon.colcon_core.package_identification:_identify(.) by extension 'ignore_ament_install'
[0.460s] Level 1:colcon.colcon_core.package_identification:_identify(.) by extensions ['colcon_pkg']
[0.460s] Level 1:colcon.colcon_core.package_identification:_identify(.) by extension 'colcon_pkg'
[0.460s] Level 1:colcon.colcon_core.package_identification:_identify(.) by extensions ['colcon_meta']
[0.460s] Level 1:colcon.colcon_core.package_identification:_identify(.) by extension 'colcon_meta'
[0.460s] Level 1:colcon.colcon_core.package_identification:_identify(.) by extensions ['ros']
[0.460s] Level 1:colcon.colcon_core.package_identification:_identify(.) by extension 'ros'
[0.466s] Level 1:colcon.colcon_core.package_identification:_identify(.) by extensions ['cmake', 'python']
[0.466s] Level 1:colcon.colcon_core.package_identification:_identify(.) by extension 'cmake'
[0.466s] Level 1:colcon.colcon_core.package_identification:_identify(.) by extension 'python'
[0.466s] Level 1:colcon.colcon_core.package_identification:_identify(.) by extensions ['python_setup_py']
[0.466s] Level 1:colcon.colcon_core.package_identification:_identify(.) by extension 'python_setup_py'
[0.467s] Level 1:colcon.colcon_core.package_identification:_identify(build) by extensions ['ignore', 'ignore_ament_install']
[0.467s] Level 1:colcon.colcon_core.package_identification:_identify(build) by extension 'ignore'
[0.467s] Level 1:colcon.colcon_core.package_identification:_identify(build) ignored
[0.467s] Level 1:colcon.colcon_core.package_identification:_identify(install) by extensions ['ignore', 'ignore_ament_install']
[0.467s] Level 1:colcon.colcon_core.package_identification:_identify(install) by extension 'ignore'
[0.467s] Level 1:colcon.colcon_core.package_identification:_identify(install) ignored
[0.467s] Level 1:colcon.colcon_core.package_identification:_identify(log) by extensions ['ignore', 'ignore_ament_install']
[0.467s] Level 1:colcon.colcon_core.package_identification:_identify(log) by extension 'ignore'
[0.467s] Level 1:colcon.colcon_core.package_identification:_identify(log) ignored
[0.467s] Level 1:colcon.colcon_core.package_identification:_identify(src) by extensions ['ignore', 'ignore_ament_install']
[0.467s] Level 1:colcon.colcon_core.package_identification:_identify(src) by extension 'ignore'
[0.467s] Level 1:colcon.colcon_core.package_identification:_identify(src) by extension 'ignore_ament_install'
[0.467s] Level 1:colcon.colcon_core.package_identification:_identify(src) by extensions ['colcon_pkg']
[0.467s] Level 1:colcon.colcon_core.package_identification:_identify(src) by extension 'colcon_pkg'
[0.467s] Level 1:colcon.colcon_core.package_identification:_identify(src) by extensions ['colcon_meta']
[0.467s] Level 1:colcon.colcon_core.package_identification:_identify(src) by extension 'colcon_meta'
[0.467s] Level 1:colcon.colcon_core.package_identification:_identify(src) by extensions ['ros']
[0.467s] Level 1:colcon.colcon_core.package_identification:_identify(src) by extension 'ros'
[0.467s] Level 1:colcon.colcon_core.package_identification:_identify(src) by extensions ['cmake', 'python']
[0.467s] Level 1:colcon.colcon_core.package_identification:_identify(src) by extension 'cmake'
[0.467s] Level 1:colcon.colcon_core.package_identification:_identify(src) by extension 'python'
[0.467s] Level 1:colcon.colcon_core.package_identification:_identify(src) by extensions ['python_setup_py']
[0.467s] Level 1:colcon.colcon_core.package_identification:_identify(src) by extension 'python_setup_py'
[0.467s] Level 1:colcon.colcon_core.package_identification:_identify(src/ex09_package) by extensions ['ignore', 'ignore_ament_install']
[0.467s] Level 1:colcon.colcon_core.package_identification:_identify(src/ex09_package) by extension 'ignore'
[0.467s] Level 1:colcon.colcon_core.package_identification:_identify(src/ex09_package) by extension 'ignore_ament_install'
[0.467s] Level 1:colcon.colcon_core.package_identification:_identify(src/ex09_package) by extensions ['colcon_pkg']
[0.467s] Level 1:colcon.colcon_core.package_identification:_identify(src/ex09_package) by extension 'colcon_pkg'
[0.467s] Level 1:colcon.colcon_core.package_identification:_identify(src/ex09_package) by extensions ['colcon_meta']
[0.467s] Level 1:colcon.colcon_core.package_identification:_identify(src/ex09_package) by extension 'colcon_meta'
[0.467s] Level 1:colcon.colcon_core.package_identification:_identify(src/ex09_package) by extensions ['ros']
[0.467s] Level 1:colcon.colcon_core.package_identification:_identify(src/ex09_package) by extension 'ros'
[0.469s] DEBUG:colcon.colcon_core.package_identification:Package 'src/ex09_package' with type 'ros.ament_cmake' and name 'ex09_package'
[0.469s] Level 1:colcon.colcon_core.package_discovery:discover_packages(recursive) using defaults
[0.469s] Level 1:colcon.colcon_core.package_discovery:discover_packages(ignore) discover
[0.469s] Level 1:colcon.colcon_core.package_discovery:discover_packages(ignore) using defaults
[0.469s] Level 1:colcon.colcon_core.package_discovery:discover_packages(path) discover
[0.469s] Level 1:colcon.colcon_core.package_discovery:discover_packages(path) using defaults
[0.510s] Level 1:colcon.colcon_core.package_discovery:discover_packages(prefix_path) check parameters
[0.510s] Level 1:colcon.colcon_core.package_discovery:discover_packages(prefix_path) discover
[0.523s] DEBUG:colcon.colcon_installed_package_information.package_discovery:Found 284 installed packages in /opt/ros/humble
[0.524s] Level 1:colcon.colcon_core.package_discovery:discover_packages(prefix_path) using defaults
[0.569s] Level 5:colcon.colcon_core.verb:set package 'ex09_package' build argument 'cmake_args' from command line to 'None'
[0.569s] Level 5:colcon.colcon_core.verb:set package 'ex09_package' build argument 'cmake_target' from command line to 'None'
[0.569s] Level 5:colcon.colcon_core.verb:set package 'ex09_package' build argument 'cmake_target_skip_unavailable' from command line to 'False'
[0.569s] Level 5:colcon.colcon_core.verb:set package 'ex09_package' build argument 'cmake_clean_cache' from command line to 'False'
[0.569s] Level 5:colcon.colcon_core.verb:set package 'ex09_package' build argument 'cmake_clean_first' from command line to 'False'
[0.569s] Level 5:colcon.colcon_core.verb:set package 'ex09_package' build argument 'cmake_force_configure' from command line to 'False'
[0.569s] Level 5:colcon.colcon_core.verb:set package 'ex09_package' build argument 'ament_cmake_args' from command line to 'None'
[0.569s] Level 5:colcon.colcon_core.verb:set package 'ex09_package' build argument 'catkin_cmake_args' from command line to 'None'
[0.569s] Level 5:colcon.colcon_core.verb:set package 'ex09_package' build argument 'catkin_skip_building_tests' from command line to 'False'
[0.569s] DEBUG:colcon.colcon_core.verb:Building package 'ex09_package' with the following arguments: {'ament_cmake_args': None, 'build_base': '/home/asphodel/NSU/Labs/nsu-robotics-labs/lab2/ex09/build/ex09_package', 'catkin_cmake_args': None, 'catkin_skip_building_tests': False, 'cmake_args': None, 'cmake_clean_cache': False, 'cmake_clean_first': False, 'cmake_force_configure': False, 'cmake_target': None, 'cmake_target_skip_unavailable': False, 'install_base': '/home/asphodel/NSU/Labs/nsu-robotics-labs/lab2/ex09/install/ex09_package', 'merge_install': False, 'path': '/home/asphodel/NSU/Labs/nsu-robotics-labs/lab2/ex09/src/ex09_package', 'symlink_install': False, 'test_result_base': None}
[0.575s] INFO:colcon.colcon_core.executor:Executing jobs using 'parallel' executor
[0.581s] DEBUG:colcon.colcon_parallel_executor.executor.parallel:run_until_complete
[0.581s] INFO:colcon.colcon_ros.task.ament_cmake.build:Building ROS package in '/home/asphodel/NSU/Labs/nsu-robotics-labs/lab2/ex09/src/ex09_package' with build type 'ament_cmake'
[0.581s] INFO:colcon.colcon_cmake.task.cmake.build:Building CMake package in '/home/asphodel/NSU/Labs/nsu-robotics-labs/lab2/ex09/src/ex09_package'
[0.589s] INFO:colcon.colcon_core.plugin_system:Skipping extension 'colcon_core.shell.bat': Not used on non-Windows systems
[0.589s] INFO:colcon.colcon_core.shell:Skip shell extension 'powershell' for command environment: Not usable outside of PowerShell
[0.589s] DEBUG:colcon.colcon_core.shell:Skip shell extension 'dsv' for command environment
[0.606s] DEBUG:colcon.colcon_core.event_handler.log_command:Invoking command in '/home/asphodel/NSU/Labs/nsu-robotics-labs/lab2/ex09/build/ex09_package': CMAKE_PREFIX_PATH=/opt/ros/humble /usr/bin/cmake --build /home/asphodel/NSU/Labs/nsu-robotics-labs/lab2/ex09/build/ex09_package -- -j16 -l16
[2.510s] DEBUG:colcon.colcon_core.event_handler.log_command:Invoked command in '/home/asphodel/NSU/Labs/nsu-robotics-labs/lab2/ex09/build/ex09_package' returned '0': CMAKE_PREFIX_PATH=/opt/ros/humble /usr/bin/cmake --build /home/asphodel/NSU/Labs/nsu-robotics-labs/lab2/ex09/build/ex09_package -- -j16 -l16
[2.554s] DEBUG:colcon.colcon_core.event_handler.log_command:Invoking command in '/home/asphodel/NSU/Labs/nsu-robotics-labs/lab2/ex09/build/ex09_package': CMAKE_PREFIX_PATH=/opt/ros/humble /usr/bin/cmake --install /home/asphodel/NSU/Labs/nsu-robotics-labs/lab2/ex09/build/ex09_package
[2.591s] Level 1:colcon.colcon_core.environment:create_environment_scripts_only(ex09_package)
[2.591s] DEBUG:colcon.colcon_core.event_handler.log_command:Invoked command in '/home/asphodel/NSU/Labs/nsu-robotics-labs/lab2/ex09/build/ex09_package' returned '0': CMAKE_PREFIX_PATH=/opt/ros/humble /usr/bin/cmake --install /home/asphodel/NSU/Labs/nsu-robotics-labs/lab2/ex09/build/ex09_package
[2.598s] Level 1:colcon.colcon_core.environment:checking '/home/asphodel/NSU/Labs/nsu-robotics-labs/lab2/ex09/install/ex09_package' for CMake module files
[2.599s] Level 1:colcon.colcon_core.environment:checking '/home/asphodel/NSU/Labs/nsu-robotics-labs/lab2/ex09/install/ex09_package' for CMake config files
[2.599s] Level 1:colcon.colcon_core.shell:create_environment_hook('ex09_package', 'cmake_prefix_path')
[2.605s] INFO:colcon.colcon_core.shell:Creating environment hook '/home/asphodel/NSU/Labs/nsu-robotics-labs/lab2/ex09/install/ex09_package/share/ex09_package/hook/cmake_prefix_path.ps1'
[2.605s] INFO:colcon.colcon_core.shell:Creating environment descriptor '/home/asphodel/NSU/Labs/nsu-robotics-labs/lab2/ex09/install/ex09_package/share/ex09_package/hook/cmake_prefix_path.dsv'
[2.606s] INFO:colcon.colcon_core.shell:Creating environment hook '/home/asphodel/NSU/Labs/nsu-robotics-labs/lab2/ex09/install/ex09_package/share/ex09_package/hook/cmake_prefix_path.sh'
[2.606s] Level 1:colcon.colcon_core.environment:checking '/home/asphodel/NSU/Labs/nsu-robotics-labs/lab2/ex09/install/ex09_package/lib'
[2.606s] Level 1:colcon.colcon_core.shell:create_environment_hook('ex09_package', 'ld_library_path_lib')
[2.612s] INFO:colcon.colcon_core.shell:Creating environment hook '/home/asphodel/NSU/Labs/nsu-robotics-labs/lab2/ex09/install/ex09_package/share/ex09_package/hook/ld_library_path_lib.ps1'
[2.613s] INFO:colcon.colcon_core.shell:Creating environment descriptor '/home/asphodel/NSU/Labs/nsu-robotics-labs/lab2/ex09/install/ex09_package/share/ex09_package/hook/ld_library_path_lib.dsv'
[2.613s] INFO:colcon.colcon_core.shell:Creating environment hook '/home/asphodel/NSU/Labs/nsu-robotics-labs/lab2/ex09/install/ex09_package/share/ex09_package/hook/ld_library_path_lib.sh'
[2.613s] Level 1:colcon.colcon_core.environment:checking '/home/asphodel/NSU/Labs/nsu-robotics-labs/lab2/ex09/install/ex09_package/bin'
[2.613s] Level 1:colcon.colcon_core.environment:checking '/home/asphodel/NSU/Labs/nsu-robotics-labs/lab2/ex09/install/ex09_package/lib/pkgconfig/ex09_package.pc'
[2.613s] Level 1:colcon.colcon_core.environment:checking '/home/asphodel/NSU/Labs/nsu-robotics-labs/lab2/ex09/install/ex09_package/lib/python3.10/site-packages'
[2.613s] Level 1:colcon.colcon_core.environment:checking '/home/asphodel/NSU/Labs/nsu-robotics-labs/lab2/ex09/install/ex09_package/bin'
[2.619s] INFO:colcon.colcon_core.shell:Creating package script '/home/asphodel/NSU/Labs/nsu-robotics-labs/lab2/ex09/install/ex09_package/share/ex09_package/package.ps1'
[2.620s] INFO:colcon.colcon_core.shell:Creating package descriptor '/home/asphodel/NSU/Labs/nsu-robotics-labs/lab2/ex09/install/ex09_package/share/ex09_package/package.dsv'
[2.620s] INFO:colcon.colcon_core.shell:Creating package script '/home/asphodel/NSU/Labs/nsu-robotics-labs/lab2/ex09/install/ex09_package/share/ex09_package/package.sh'
[2.620s] INFO:colcon.colcon_core.shell:Creating package script '/home/asphodel/NSU/Labs/nsu-robotics-labs/lab2/ex09/install/ex09_package/share/ex09_package/package.bash'
[2.621s] INFO:colcon.colcon_core.shell:Creating package script '/home/asphodel/NSU/Labs/nsu-robotics-labs/lab2/ex09/install/ex09_package/share/ex09_package/package.zsh'
[2.621s] Level 1:colcon.colcon_core.environment:create_file_with_runtime_dependencies(/home/asphodel/NSU/Labs/nsu-robotics-labs/lab2/ex09/install/ex09_package/share/colcon-core/packages/ex09_package)
[2.662s] Level 1:colcon.colcon_core.environment:create_environment_scripts_only(ex09_package)
[2.669s] Level 1:colcon.colcon_core.environment:checking '/home/asphodel/NSU/Labs/nsu-robotics-labs/lab2/ex09/install/ex09_package' for CMake module files
[2.669s] Level 1:colcon.colcon_core.environment:checking '/home/asphodel/NSU/Labs/nsu-robotics-labs/lab2/ex09/install/ex09_package' for CMake config files
[2.669s] Level 1:colcon.colcon_core.shell:create_environment_hook('ex09_package', 'cmake_prefix_path')
[2.676s] INFO:colcon.colcon_core.shell:Creating environment hook '/home/asphodel/NSU/Labs/nsu-robotics-labs/lab2/ex09/install/ex09_package/share/ex09_package/hook/cmake_prefix_path.ps1'
[2.676s] INFO:colcon.colcon_core.shell:Creating environment descriptor '/home/asphodel/NSU/Labs/nsu-robotics-labs/lab2/ex09/install/ex09_package/share/ex09_package/hook/cmake_prefix_path.dsv'
[2.676s] INFO:colcon.colcon_core.shell:Creating environment hook '/home/asphodel/NSU/Labs/nsu-robotics-labs/lab2/ex09/install/ex09_package/share/ex09_package/hook/cmake_prefix_path.sh'
[2.676s] Level 1:colcon.colcon_core.environment:checking '/home/asphodel/NSU/Labs/nsu-robotics-labs/lab2/ex09/install/ex09_package/lib'
[2.676s] Level 1:colcon.colcon_core.shell:create_environment_hook('ex09_package', 'ld_library_path_lib')
[2.682s] INFO:colcon.colcon_core.shell:Creating environment hook '/home/asphodel/NSU/Labs/nsu-robotics-labs/lab2/ex09/install/ex09_package/share/ex09_package/hook/ld_library_path_lib.ps1'
[2.683s] INFO:colcon.colcon_core.shell:Creating environment descriptor '/home/asphodel/NSU/Labs/nsu-robotics-labs/lab2/ex09/install/ex09_package/share/ex09_package/hook/ld_library_path_lib.dsv'
[2.683s] INFO:colcon.colcon_core.shell:Creating environment hook '/home/asphodel/NSU/Labs/nsu-robotics-labs/lab2/ex09/install/ex09_package/share/ex09_package/hook/ld_library_path_lib.sh'
[2.683s] Level 1:colcon.colcon_core.environment:checking '/home/asphodel/NSU/Labs/nsu-robotics-labs/lab2/ex09/install/ex09_package/bin'
[2.683s] Level 1:colcon.colcon_core.environment:checking '/home/asphodel/NSU/Labs/nsu-robotics-labs/lab2/ex09/install/ex09_package/lib/pkgconfig/ex09_package.pc'
[2.683s] Level 1:colcon.colcon_core.environment:checking '/home/asphodel/NSU/Labs/nsu-robotics-labs/lab2/ex09/install/ex09_package/lib/python3.10/site-packages'
[2.683s] Level 1:colcon.colcon_core.environment:checking '/home/asphodel/NSU/Labs/nsu-robotics-labs/lab2/ex09/install/ex09_package/bin'
[2.690s] INFO:colcon.colcon_core.shell:Creating package script '/home/asphodel/NSU/Labs/nsu-robotics-labs/lab2/ex09/install/ex09_package/share/ex09_package/package.ps1'
[2.690s] INFO:colcon.colcon_core.shell:Creating package descriptor '/home/asphodel/NSU/Labs/nsu-robotics-labs/lab2/ex09/install/ex09_package/share/ex09_package/package.dsv'
[2.690s] INFO:colcon.colcon_core.shell:Creating package script '/home/asphodel/NSU/Labs/nsu-robotics-labs/lab2/ex09/install/ex09_package/share/ex09_package/package.sh'
[2.691s] INFO:colcon.colcon_core.shell:Creating package script '/home/asphodel/NSU/Labs/nsu-robotics-labs/lab2/ex09/install/ex09_package/share/ex09_package/package.bash'
[2.691s] INFO:colcon.colcon_core.shell:Creating package script '/home/asphodel/NSU/Labs/nsu-robotics-labs/lab2/ex09/install/ex09_package/share/ex09_package/package.zsh'
[2.691s] Level 1:colcon.colcon_core.environment:create_file_with_runtime_dependencies(/home/asphodel/NSU/Labs/nsu-robotics-labs/lab2/ex09/install/ex09_package/share/colcon-core/packages/ex09_package)
[2.691s] DEBUG:colcon.colcon_parallel_executor.executor.parallel:closing loop
[2.692s] DEBUG:colcon.colcon_parallel_executor.executor.parallel:loop closed
[2.692s] DEBUG:colcon.colcon_parallel_executor.executor.parallel:run_until_complete finished with '0'
[2.692s] DEBUG:colcon.colcon_core.event_reactor:joining thread
[2.703s] INFO:colcon.colcon_core.plugin_system:Skipping extension 'colcon_notification.desktop_notification.terminal_notifier': Not used on non-Darwin systems
[2.703s] INFO:colcon.colcon_core.plugin_system:Skipping extension 'colcon_notification.desktop_notification.win32': Not used on non-Windows systems
[2.703s] INFO:colcon.colcon_notification.desktop_notification:Sending desktop notification using 'notify2'
[2.712s] DEBUG:colcon.colcon_core.event_reactor:joined thread
[2.718s] INFO:colcon.colcon_core.shell:Creating prefix script '/home/asphodel/NSU/Labs/nsu-robotics-labs/lab2/ex09/install/local_setup.ps1'
[2.719s] INFO:colcon.colcon_core.shell:Creating prefix util module '/home/asphodel/NSU/Labs/nsu-robotics-labs/lab2/ex09/install/_local_setup_util_ps1.py'
[2.719s] INFO:colcon.colcon_core.shell:Creating prefix chain script '/home/asphodel/NSU/Labs/nsu-robotics-labs/lab2/ex09/install/setup.ps1'
[2.726s] INFO:colcon.colcon_core.shell:Creating prefix script '/home/asphodel/NSU/Labs/nsu-robotics-labs/lab2/ex09/install/local_setup.sh'
[2.726s] INFO:colcon.colcon_core.shell:Creating prefix util module '/home/asphodel/NSU/Labs/nsu-robotics-labs/lab2/ex09/install/_local_setup_util_sh.py'
[2.726s] INFO:colcon.colcon_core.shell:Creating prefix chain script '/home/asphodel/NSU/Labs/nsu-robotics-labs/lab2/ex09/install/setup.sh'
[2.733s] INFO:colcon.colcon_core.shell:Creating prefix script '/home/asphodel/NSU/Labs/nsu-robotics-labs/lab2/ex09/install/local_setup.bash'
[2.733s] INFO:colcon.colcon_core.shell:Creating prefix chain script '/home/asphodel/NSU/Labs/nsu-robotics-labs/lab2/ex09/install/setup.bash'
[2.740s] INFO:colcon.colcon_core.shell:Creating prefix script '/home/asphodel/NSU/Labs/nsu-robotics-labs/lab2/ex09/install/local_setup.zsh'
[2.740s] INFO:colcon.colcon_core.shell:Creating prefix chain script '/home/asphodel/NSU/Labs/nsu-robotics-labs/lab2/ex09/install/setup.zsh'
