[0.006s] Invoking command in '/home/asphodel/NSU/Labs/nsu-robotics-labs/lab2/ex03/build/asphodel': CMAKE_PREFIX_PATH=/opt/ros/humble /usr/bin/cmake /home/asphodel/NSU/Labs/nsu-robotics-labs/lab2/ex03 -DCMAKE_INSTALL_PREFIX=/home/asphodel/NSU/Labs/nsu-robotics-labs/lab2/ex03/install/asphodel
[0.038s] -- The C compiler identification is GNU 10.5.0
[0.069s] -- The CXX compiler identification is GNU 11.4.0
[0.073s] -- Detecting C compiler ABI info
[0.112s] -- Detecting C compiler ABI info - done
[0.119s] -- Check for working C compiler: /usr/bin/cc - skipped
[0.119s] -- Detecting C compile features
[0.120s] -- Detecting C compile features - done
[0.122s] -- Detecting CXX compiler ABI info
[0.172s] -- Detecting CXX compiler ABI info - done
[0.177s] -- Check for working CXX compiler: /usr/bin/c++ - skipped
[0.178s] -- Detecting CXX compile features
[0.178s] -- Detecting CXX compile features - done
[0.179s] -- Found ament_cmake: 1.3.5 (/opt/ros/humble/share/ament_cmake/cmake)
[0.272s] -- Found Python3: /usr/bin/python3.10 (found version "3.10.12") found components: Interpreter 
[0.316s] -- Found ament_lint_auto: 0.12.7 (/opt/ros/humble/share/ament_lint_auto/cmake)
[0.357s] -- Added test 'cppcheck' to perform static code analysis on C / C++ code
[0.357s] -- Configured cppcheck include dirs: 
[0.357s] -- Configured cppcheck exclude dirs and/or files: 
[0.358s] -- Added test 'lint_cmake' to check CMake code style
[0.360s] -- Added test 'uncrustify' to check C / C++ code style
[0.360s] -- Configured uncrustify additional arguments: 
[0.360s] -- Added test 'xmllint' to check XML markup files
[0.361s] -- Configuring done
[0.362s] -- Generating done
[0.362s] -- Build files have been written to: /home/asphodel/NSU/Labs/nsu-robotics-labs/lab2/ex03/build/asphodel
[0.366s] Invoked command in '/home/asphodel/NSU/Labs/nsu-robotics-labs/lab2/ex03/build/asphodel' returned '0': CMAKE_PREFIX_PATH=/opt/ros/humble /usr/bin/cmake /home/asphodel/NSU/Labs/nsu-robotics-labs/lab2/ex03 -DCMAKE_INSTALL_PREFIX=/home/asphodel/NSU/Labs/nsu-robotics-labs/lab2/ex03/install/asphodel
[0.367s] Invoking command in '/home/asphodel/NSU/Labs/nsu-robotics-labs/lab2/ex03/build/asphodel': CMAKE_PREFIX_PATH=/opt/ros/humble /usr/bin/cmake --build /home/asphodel/NSU/Labs/nsu-robotics-labs/lab2/ex03/build/asphodel -- -j16 -l16
[0.386s] Invoked command in '/home/asphodel/NSU/Labs/nsu-robotics-labs/lab2/ex03/build/asphodel' returned '0': CMAKE_PREFIX_PATH=/opt/ros/humble /usr/bin/cmake --build /home/asphodel/NSU/Labs/nsu-robotics-labs/lab2/ex03/build/asphodel -- -j16 -l16
[0.402s] Invoking command in '/home/asphodel/NSU/Labs/nsu-robotics-labs/lab2/ex03/build/asphodel': CMAKE_PREFIX_PATH=/opt/ros/humble /usr/bin/cmake --install /home/asphodel/NSU/Labs/nsu-robotics-labs/lab2/ex03/build/asphodel
[0.406s] -- Install configuration: ""
[0.406s] -- Installing: /home/asphodel/NSU/Labs/nsu-robotics-labs/lab2/ex03/install/asphodel/share/ament_index/resource_index/package_run_dependencies/asphodel
[0.406s] -- Installing: /home/asphodel/NSU/Labs/nsu-robotics-labs/lab2/ex03/install/asphodel/share/ament_index/resource_index/parent_prefix_path/asphodel
[0.406s] -- Installing: /home/asphodel/NSU/Labs/nsu-robotics-labs/lab2/ex03/install/asphodel/share/asphodel/environment/ament_prefix_path.sh
[0.406s] -- Installing: /home/asphodel/NSU/Labs/nsu-robotics-labs/lab2/ex03/install/asphodel/share/asphodel/environment/ament_prefix_path.dsv
[0.406s] -- Installing: /home/asphodel/NSU/Labs/nsu-robotics-labs/lab2/ex03/install/asphodel/share/asphodel/environment/path.sh
[0.406s] -- Installing: /home/asphodel/NSU/Labs/nsu-robotics-labs/lab2/ex03/install/asphodel/share/asphodel/environment/path.dsv
[0.406s] -- Installing: /home/asphodel/NSU/Labs/nsu-robotics-labs/lab2/ex03/install/asphodel/share/asphodel/local_setup.bash
[0.406s] -- Installing: /home/asphodel/NSU/Labs/nsu-robotics-labs/lab2/ex03/install/asphodel/share/asphodel/local_setup.sh
[0.406s] -- Installing: /home/asphodel/NSU/Labs/nsu-robotics-labs/lab2/ex03/install/asphodel/share/asphodel/local_setup.zsh
[0.406s] -- Installing: /home/asphodel/NSU/Labs/nsu-robotics-labs/lab2/ex03/install/asphodel/share/asphodel/local_setup.dsv
[0.407s] -- Installing: /home/asphodel/NSU/Labs/nsu-robotics-labs/lab2/ex03/install/asphodel/share/asphodel/package.dsv
[0.407s] -- Installing: /home/asphodel/NSU/Labs/nsu-robotics-labs/lab2/ex03/install/asphodel/share/ament_index/resource_index/packages/asphodel
[0.407s] -- Installing: /home/asphodel/NSU/Labs/nsu-robotics-labs/lab2/ex03/install/asphodel/share/asphodel/cmake/asphodelConfig.cmake
[0.407s] -- Installing: /home/asphodel/NSU/Labs/nsu-robotics-labs/lab2/ex03/install/asphodel/share/asphodel/cmake/asphodelConfig-version.cmake
[0.408s] -- Installing: /home/asphodel/NSU/Labs/nsu-robotics-labs/lab2/ex03/install/asphodel/share/asphodel/package.xml
[0.408s] Invoked command in '/home/asphodel/NSU/Labs/nsu-robotics-labs/lab2/ex03/build/asphodel' returned '0': CMAKE_PREFIX_PATH=/opt/ros/humble /usr/bin/cmake --install /home/asphodel/NSU/Labs/nsu-robotics-labs/lab2/ex03/build/asphodel
